This file contains any messages produced by compilers while
running configure, to aid debugging if configure makes a mistake.

It was created by CppUTest configure 4.0, which was
generated by GNU Autoconf 2.71.  Invocation command line was

  $ ./configure

## --------- ##
## Platform. ##
## --------- ##

hostname = APF5N1G1P
uname -m = x86_64
uname -r = 5.15.123.1-microsoft-standard-WSL2
uname -s = Linux
uname -v = #1 SMP Mon Aug 7 19:01:48 UTC 2023

/usr/bin/uname -p = x86_64
/bin/uname -X     = unknown

/bin/arch              = x86_64
/usr/bin/arch -k       = unknown
/usr/convex/getsysinfo = unknown
/usr/bin/hostinfo      = unknown
/bin/machine           = unknown
/usr/bin/oslevel       = unknown
/bin/universe          = unknown

PATH: /home/laes/.vscode-server/bin/e3a5acfb517a443235981655413d566533107e92/bin/remote-cli/
PATH: /usr/local/sbin/
PATH: /usr/local/bin/
PATH: /usr/sbin/
PATH: /usr/bin/
PATH: /sbin/
PATH: /bin/
PATH: /usr/games/
PATH: /usr/local/games/
PATH: /usr/lib/wsl/lib/
PATH: /mnt/c/Program Files/Ruby34-x64/bin/
PATH: /mnt/c/Program Files/Common Files/Oracle/Java/javapath/
PATH: /mnt/c/Program Files (x86)/Common Files/Oracle/Java/java8path/
PATH: /mnt/c/Program Files (x86)/Common Files/Oracle/Java/javapath/
PATH: /mnt/c/Windows/system32/
PATH: /mnt/c/Windows/
PATH: /mnt/c/Windows/System32/Wbem/
PATH: /mnt/c/Windows/System32/WindowsPowerShell/v1.0/
PATH: /mnt/c/Windows/System32/OpenSSH/
PATH: /mnt/c/Program Files/CMake/bin/
PATH: /mnt/c/Program Files/TortoiseGit/bin/
PATH: /mnt/c/Program Files/Graphviz/bin/
PATH: /mnt/c/Program Files/Java/jdk-24/bin/
PATH: /mnt/c/Program Files/Java/jre1.8.0_461/bin/
PATH: /mnt/c/Program Files/MinGW/bin/
PATH: /mnt/c/Program Files (x86)/Windows Kits/10/Windows Performance Toolkit/
PATH: /mnt/c/Program Files/Docker/Docker/resources/bin/
PATH: /mnt/c/Users/EOlaes/AppData/Local/Microsoft/WindowsApps/
PATH: /mnt/c/Users/EOlaes/AppData/Local/Programs/Git/cmd/
PATH: /mnt/c/Users/EOlaes/AppData/Local/Programs/Microsoft VS Code/bin/
PATH: /snap/bin/


## ----------- ##
## Core tests. ##
## ----------- ##

configure:3249: looking for aux files: compile config.guess config.sub ltmain.sh missing install-sh
configure:3262:  trying ././
configure:3291:   ././compile found
configure:3291:   ././config.guess found
configure:3291:   ././config.sub found
configure:3291:   ././ltmain.sh found
configure:3291:   ././missing found
configure:3273:   ././install-sh found
configure:3421: checking for a BSD-compatible install
configure:3494: result: /usr/bin/install -c
configure:3505: checking whether build environment is sane
configure:3560: result: yes
configure:3719: checking for a race-free mkdir -p
configure:3763: result: /usr/bin/mkdir -p
configure:3770: checking for gawk
configure:3791: found /usr/bin/gawk
configure:3802: result: gawk
configure:3813: checking whether make sets $(MAKE)
configure:3836: result: yes
configure:3866: checking whether make supports nested variables
configure:3884: result: yes
configure:4065: checking build system type
configure:4080: result: x86_64-pc-linux-gnu
configure:4100: checking host system type
configure:4114: result: x86_64-pc-linux-gnu
configure:4155: checking how to print strings
configure:4182: result: printf
configure:4216: checking whether make supports the include directive
configure:4231: make -f confmf.GNU && cat confinc.out
make: Warning: File 'confinc.mk' has modification time 0.27 s in the future
make: warning:  Clock skew detected.  Your build may be incomplete.
this is the am__doit target
configure:4234: $? = 0
configure:4253: result: yes (GNU style)
configure:4329: checking for gcc
configure:4350: found /usr/bin/gcc
configure:4361: result: gcc
configure:4714: checking for C compiler version
configure:4723: gcc --version >&5
gcc (Ubuntu 13.3.0-6ubuntu2~24.04) 13.3.0
Copyright (C) 2023 Free Software Foundation, Inc.
This is free software; see the source for copying conditions.  There is NO
warranty; not even for MERCHANTABILITY or FITNESS FOR A PARTICULAR PURPOSE.

configure:4734: $? = 0
configure:4723: gcc -v >&5
Using built-in specs.
COLLECT_GCC=gcc
COLLECT_LTO_WRAPPER=/usr/libexec/gcc/x86_64-linux-gnu/13/lto-wrapper
OFFLOAD_TARGET_NAMES=nvptx-none:amdgcn-amdhsa
OFFLOAD_TARGET_DEFAULT=1
Target: x86_64-linux-gnu
Configured with: ../src/configure -v --with-pkgversion='Ubuntu 13.3.0-6ubuntu2~24.04' --with-bugurl=file:///usr/share/doc/gcc-13/README.Bugs --enable-languages=c,ada,c++,go,d,fortran,objc,obj-c++,m2 --prefix=/usr --with-gcc-major-version-only --program-suffix=-13 --program-prefix=x86_64-linux-gnu- --enable-shared --enable-linker-build-id --libexecdir=/usr/libexec --without-included-gettext --enable-threads=posix --libdir=/usr/lib --enable-nls --enable-bootstrap --enable-clocale=gnu --enable-libstdcxx-debug --enable-libstdcxx-time=yes --with-default-libstdcxx-abi=new --enable-libstdcxx-backtrace --enable-gnu-unique-object --disable-vtable-verify --enable-plugin --enable-default-pie --with-system-zlib --enable-libphobos-checking=release --with-target-system-zlib=auto --enable-objc-gc=auto --enable-multiarch --disable-werror --enable-cet --with-arch-32=i686 --with-abi=m64 --with-multilib-list=m32,m64,mx32 --enable-multilib --with-tune=generic --enable-offload-targets=nvptx-none=/build/gcc-13-fG75Ri/gcc-13-13.3.0/debian/tmp-nvptx/usr,amdgcn-amdhsa=/build/gcc-13-fG75Ri/gcc-13-13.3.0/debian/tmp-gcn/usr --enable-offload-defaulted --without-cuda-driver --enable-checking=release --build=x86_64-linux-gnu --host=x86_64-linux-gnu --target=x86_64-linux-gnu --with-build-config=bootstrap-lto-lean --enable-link-serialization=2
Thread model: posix
Supported LTO compression algorithms: zlib zstd
gcc version 13.3.0 (Ubuntu 13.3.0-6ubuntu2~24.04) 
... rest of stderr output deleted ...
configure:4734: $? = 0
configure:4723: gcc -V >&5
gcc: error: unrecognized command-line option '-V'
gcc: fatal error: no input files
compilation terminated.
configure:4734: $? = 1
configure:4723: gcc -qversion >&5
gcc: error: unrecognized command-line option '-qversion'; did you mean '--version'?
gcc: fatal error: no input files
compilation terminated.
configure:4734: $? = 1
configure:4723: gcc -version >&5
gcc: error: unrecognized command-line option '-version'
gcc: fatal error: no input files
compilation terminated.
configure:4734: $? = 1
configure:4754: checking whether the C compiler works
configure:4776: gcc    conftest.c  >&5
configure:4780: $? = 0
configure:4830: result: yes
configure:4833: checking for C compiler default output file name
configure:4835: result: a.out
configure:4841: checking for suffix of executables
configure:4848: gcc -o conftest    conftest.c  >&5
configure:4852: $? = 0
configure:4875: result: 
configure:4897: checking whether we are cross compiling
configure:4905: gcc -o conftest    conftest.c  >&5
configure:4909: $? = 0
configure:4916: ./conftest
configure:4920: $? = 0
configure:4935: result: no
configure:4940: checking for suffix of object files
configure:4963: gcc -c   conftest.c >&5
configure:4967: $? = 0
configure:4989: result: o
configure:4993: checking whether the compiler supports GNU C
configure:5013: gcc -c   conftest.c >&5
configure:5013: $? = 0
configure:5023: result: yes
configure:5034: checking whether gcc accepts -g
configure:5055: gcc -c -g  conftest.c >&5
configure:5055: $? = 0
configure:5099: result: yes
configure:5119: checking for gcc option to enable C11 features
configure:5134: gcc  -c -g -O2  conftest.c >&5
configure:5134: $? = 0
configure:5152: result: none needed
configure:5268: checking whether gcc understands -c and -o together
configure:5291: gcc -c conftest.c -o conftest2.o
configure:5294: $? = 0
configure:5291: gcc -c conftest.c -o conftest2.o
configure:5294: $? = 0
configure:5306: result: yes
configure:5325: checking dependency style of gcc
configure:5437: result: gcc3
configure:5452: checking for a sed that does not truncate output
configure:5522: result: /usr/bin/sed
configure:5540: checking for grep that handles long lines and -e
configure:5604: result: /usr/bin/grep
configure:5609: checking for egrep
configure:5677: result: /usr/bin/grep -E
configure:5682: checking for fgrep
configure:5750: result: /usr/bin/grep -F
configure:5786: checking for ld used by gcc
configure:5854: result: /usr/bin/ld
configure:5861: checking if the linker (/usr/bin/ld) is GNU ld
configure:5877: result: yes
configure:5889: checking for BSD- or MS-compatible name lister (nm)
configure:5944: result: /usr/bin/nm -B
configure:6084: checking the name lister (/usr/bin/nm -B) interface
configure:6092: gcc -c -g -O2  conftest.c >&5
configure:6095: /usr/bin/nm -B "conftest.o"
configure:6098: output
0000000000000000 B some_variable
configure:6105: result: BSD nm
configure:6108: checking whether ln -s works
configure:6112: result: yes
configure:6120: checking the maximum length of command line arguments
configure:6252: result: 1572864
configure:6300: checking how to convert x86_64-pc-linux-gnu file names to x86_64-pc-linux-gnu format
configure:6341: result: func_convert_file_noop
configure:6348: checking how to convert x86_64-pc-linux-gnu file names to toolchain format
configure:6369: result: func_convert_file_noop
configure:6376: checking for /usr/bin/ld option to reload object files
configure:6384: result: -r
configure:6463: checking for file
configure:6484: found /usr/bin/file
configure:6495: result: file
configure:6571: checking for objdump
configure:6592: found /usr/bin/objdump
configure:6603: result: objdump
configure:6635: checking how to recognize dependent libraries
configure:6836: result: pass_all
configure:6926: checking for dlltool
configure:6961: result: no
configure:6991: checking how to associate runtime and link libraries
configure:7019: result: printf %s\n
configure:7085: checking for ar
configure:7106: found /usr/bin/ar
configure:7117: result: ar
configure:7170: checking for archiver @FILE support
configure:7188: gcc -c -g -O2  conftest.c >&5
configure:7188: $? = 0
configure:7192: ar cr libconftest.a @conftest.lst >&5
configure:7195: $? = 0
configure:7200: ar cr libconftest.a @conftest.lst >&5
ar: conftest.o: No such file or directory
configure:7203: $? = 1
configure:7215: result: @
configure:7278: checking for strip
configure:7299: found /usr/bin/strip
configure:7310: result: strip
configure:7387: checking for ranlib
configure:7408: found /usr/bin/ranlib
configure:7419: result: ranlib
configure:7521: checking command to parse /usr/bin/nm -B output from gcc object
configure:7675: gcc -c -g -O2  conftest.c >&5
configure:7678: $? = 0
configure:7682: /usr/bin/nm -B conftest.o | /usr/bin/sed -n -e 's/^.*[	 ]\([ABCDGIRSTW][ABCDGIRSTW]*\)[	 ][	 ]*\([_A-Za-z][_A-Za-z0-9]*\)$/\1 \2 \2/p' | /usr/bin/sed '/ __gnu_lto/d' > conftest.nm
configure:7748: gcc -o conftest -g -O2   conftest.c conftstm.o >&5
configure:7751: $? = 0
configure:7789: result: ok
configure:7836: checking for sysroot
configure:7867: result: no
configure:7874: checking for a working dd
configure:7918: result: /usr/bin/dd
configure:7922: checking how to truncate binary pipes
configure:7938: result: /usr/bin/dd bs=4096 count=1
configure:8075: gcc -c -g -O2  conftest.c >&5
configure:8078: $? = 0
configure:8275: checking for mt
configure:8310: result: no
configure:8330: checking if : is a manifest tool
configure:8337: : '-?'
configure:8345: result: no
configure:9070: checking for stdio.h
configure:9070: gcc -c -g -O2  conftest.c >&5
configure:9070: $? = 0
configure:9070: result: yes
configure:9070: checking for stdlib.h
configure:9070: gcc -c -g -O2  conftest.c >&5
configure:9070: $? = 0
configure:9070: result: yes
configure:9070: checking for string.h
configure:9070: gcc -c -g -O2  conftest.c >&5
configure:9070: $? = 0
configure:9070: result: yes
configure:9070: checking for inttypes.h
configure:9070: gcc -c -g -O2  conftest.c >&5
configure:9070: $? = 0
configure:9070: result: yes
configure:9070: checking for stdint.h
configure:9070: gcc -c -g -O2  conftest.c >&5
configure:9070: $? = 0
configure:9070: result: yes
configure:9070: checking for strings.h
configure:9070: gcc -c -g -O2  conftest.c >&5
configure:9070: $? = 0
configure:9070: result: yes
configure:9070: checking for sys/stat.h
configure:9070: gcc -c -g -O2  conftest.c >&5
configure:9070: $? = 0
configure:9070: result: yes
configure:9070: checking for sys/types.h
configure:9070: gcc -c -g -O2  conftest.c >&5
configure:9070: $? = 0
configure:9070: result: yes
configure:9070: checking for unistd.h
configure:9070: gcc -c -g -O2  conftest.c >&5
configure:9070: $? = 0
configure:9070: result: yes
configure:9070: checking for vfork.h
configure:9070: gcc -c -g -O2  conftest.c >&5
conftest.c:48:10: fatal error: vfork.h: No such file or directory
   48 | #include <vfork.h>
      |          ^~~~~~~~~
compilation terminated.
configure:9070: $? = 1
configure: failed program was:
| /* confdefs.h */
| #define PACKAGE_NAME "CppUTest"
| #define PACKAGE_TARNAME "cpputest"
| #define PACKAGE_VERSION "4.0"
| #define PACKAGE_STRING "CppUTest 4.0"
| #define PACKAGE_BUGREPORT "https://github.com/cpputest/cpputest"
| #define PACKAGE_URL ""
| #define PACKAGE "cpputest"
| #define VERSION "4.0"
| #define HAVE_STDIO_H 1
| #define HAVE_STDLIB_H 1
| #define HAVE_STRING_H 1
| #define HAVE_INTTYPES_H 1
| #define HAVE_STDINT_H 1
| #define HAVE_STRINGS_H 1
| #define HAVE_SYS_STAT_H 1
| #define HAVE_SYS_TYPES_H 1
| #define HAVE_UNISTD_H 1
| /* end confdefs.h.  */
| #include <stddef.h>
| #ifdef HAVE_STDIO_H
| # include <stdio.h>
| #endif
| #ifdef HAVE_STDLIB_H
| # include <stdlib.h>
| #endif
| #ifdef HAVE_STRING_H
| # include <string.h>
| #endif
| #ifdef HAVE_INTTYPES_H
| # include <inttypes.h>
| #endif
| #ifdef HAVE_STDINT_H
| # include <stdint.h>
| #endif
| #ifdef HAVE_STRINGS_H
| # include <strings.h>
| #endif
| #ifdef HAVE_SYS_TYPES_H
| # include <sys/types.h>
| #endif
| #ifdef HAVE_SYS_STAT_H
| # include <sys/stat.h>
| #endif
| #ifdef HAVE_UNISTD_H
| # include <unistd.h>
| #endif
| #include <vfork.h>
configure:9070: result: no
configure:9095: checking for dlfcn.h
configure:9095: gcc -c -g -O2  conftest.c >&5
configure:9095: $? = 0
configure:9095: result: yes
configure:9352: checking for objdir
configure:9368: result: .libs
configure:9632: checking if gcc supports -fno-rtti -fno-exceptions
configure:9651: gcc -c -g -O2  -fno-rtti -fno-exceptions conftest.c >&5
cc1: warning: command-line option '-fno-rtti' is valid for C++/D/ObjC++ but not for C
configure:9655: $? = 0
configure:9668: result: no
configure:10032: checking for gcc option to produce PIC
configure:10040: result: -fPIC -DPIC
configure:10048: checking if gcc PIC flag -fPIC -DPIC works
configure:10067: gcc -c -g -O2  -fPIC -DPIC -DPIC conftest.c >&5
configure:10071: $? = 0
configure:10084: result: yes
configure:10113: checking if gcc static flag -static works
configure:10142: result: yes
configure:10157: checking if gcc supports -c -o file.o
configure:10179: gcc -c -g -O2  -o out/conftest2.o conftest.c >&5
configure:10183: $? = 0
configure:10205: result: yes
configure:10213: checking if gcc supports -c -o file.o
configure:10261: result: yes
configure:10294: checking whether the gcc linker (/usr/bin/ld -m elf_x86_64) supports shared libraries
configure:11568: result: yes
configure:11605: checking whether -lc should be explicitly linked in
configure:11614: gcc -c -g -O2  conftest.c >&5
configure:11617: $? = 0
configure:11632: gcc -shared  -fPIC -DPIC conftest.o  -v -Wl,-soname -Wl,conftest -o conftest 2\>\&1 \| /usr/bin/grep  -lc  \>/dev/null 2\>\&1
configure:11635: $? = 0
configure:11649: result: no
configure:11809: checking dynamic linker characteristics
configure:12391: gcc -o conftest -g -O2   -Wl,-rpath -Wl,/foo conftest.c  >&5
configure:12391: $? = 0
configure:12642: result: GNU/Linux ld.so
configure:12764: checking how to hardcode library paths into programs
configure:12789: result: immediate
configure:12891: checking for shl_load
configure:12891: gcc -o conftest -g -O2   conftest.c  >&5
/usr/bin/ld: /tmp/ccVjndAb.o: in function `main':
/mnt/c/Projects/teamb-platform-control-board/tools/cpputest/conftest.c:50:(.text.startup+0xb): undefined reference to `shl_load'
collect2: error: ld returned 1 exit status
configure:12891: $? = 1
configure: failed program was:
| /* confdefs.h */
| #define PACKAGE_NAME "CppUTest"
| #define PACKAGE_TARNAME "cpputest"
| #define PACKAGE_VERSION "4.0"
| #define PACKAGE_STRING "CppUTest 4.0"
| #define PACKAGE_BUGREPORT "https://github.com/cpputest/cpputest"
| #define PACKAGE_URL ""
| #define PACKAGE "cpputest"
| #define VERSION "4.0"
| #define HAVE_STDIO_H 1
| #define HAVE_STDLIB_H 1
| #define HAVE_STRING_H 1
| #define HAVE_INTTYPES_H 1
| #define HAVE_STDINT_H 1
| #define HAVE_STRINGS_H 1
| #define HAVE_SYS_STAT_H 1
| #define HAVE_SYS_TYPES_H 1
| #define HAVE_UNISTD_H 1
| #define STDC_HEADERS 1
| #define HAVE_DLFCN_H 1
| #define LT_OBJDIR ".libs/"
| /* end confdefs.h.  */
| /* Define shl_load to an innocuous variant, in case <limits.h> declares shl_load.
|    For example, HP-UX 11i <limits.h> declares gettimeofday.  */
| #define shl_load innocuous_shl_load
| 
| /* System header to define __stub macros and hopefully few prototypes,
|    which can conflict with char shl_load (); below.  */
| 
| #include <limits.h>
| #undef shl_load
| 
| /* Override any GCC internal prototype to avoid an error.
|    Use char because int might match the return type of a GCC
|    builtin and then its argument prototype would still apply.  */
| #ifdef __cplusplus
| extern "C"
| #endif
| char shl_load ();
| /* The GNU C library defines this for functions which it implements
|     to always fail with ENOSYS.  Some functions are actually named
|     something starting with __ and the normal name is an alias.  */
| #if defined __stub_shl_load || defined __stub___shl_load
| choke me
| #endif
| 
| int
| main (void)
| {
| return shl_load ();
|   ;
|   return 0;
| }
configure:12891: result: no
configure:12896: checking for shl_load in -ldld
configure:12919: gcc -o conftest -g -O2   conftest.c -ldld   >&5
/usr/bin/ld: cannot find -ldld: No such file or directory
collect2: error: ld returned 1 exit status
configure:12919: $? = 1
configure: failed program was:
| /* confdefs.h */
| #define PACKAGE_NAME "CppUTest"
| #define PACKAGE_TARNAME "cpputest"
| #define PACKAGE_VERSION "4.0"
| #define PACKAGE_STRING "CppUTest 4.0"
| #define PACKAGE_BUGREPORT "https://github.com/cpputest/cpputest"
| #define PACKAGE_URL ""
| #define PACKAGE "cpputest"
| #define VERSION "4.0"
| #define HAVE_STDIO_H 1
| #define HAVE_STDLIB_H 1
| #define HAVE_STRING_H 1
| #define HAVE_INTTYPES_H 1
| #define HAVE_STDINT_H 1
| #define HAVE_STRINGS_H 1
| #define HAVE_SYS_STAT_H 1
| #define HAVE_SYS_TYPES_H 1
| #define HAVE_UNISTD_H 1
| #define STDC_HEADERS 1
| #define HAVE_DLFCN_H 1
| #define LT_OBJDIR ".libs/"
| /* end confdefs.h.  */
| 
| /* Override any GCC internal prototype to avoid an error.
|    Use char because int might match the return type of a GCC
|    builtin and then its argument prototype would still apply.  */
| char shl_load ();
| int
| main (void)
| {
| return shl_load ();
|   ;
|   return 0;
| }
configure:12929: result: no
configure:12935: checking for dlopen
configure:12935: gcc -o conftest -g -O2   conftest.c  >&5
configure:12935: $? = 0
configure:12935: result: yes
configure:13093: checking whether a program can dlopen itself
configure:13174: gcc -o conftest -g -O2  -DHAVE_DLFCN_H  -Wl,--export-dynamic conftest.c   >&5
configure:13177: $? = 0
configure:13195: result: yes
configure:13200: checking whether a statically linked program can dlopen itself
configure:13281: gcc -o conftest -g -O2  -DHAVE_DLFCN_H  -Wl,--export-dynamic -static conftest.c   >&5
/usr/bin/ld: /tmp/ccsPsXds.o: in function `main':
/mnt/c/Projects/teamb-platform-control-board/tools/cpputest/conftest.c:13260:(.text.startup+0xd): warning: Using 'dlopen' in statically linked applications requires at runtime the shared libraries from the glibc version used for linking
configure:13284: $? = 0
conftest: undefined symbol: _fnord
configure:13302: result: no
configure:13341: checking whether stripping libraries is possible
configure:13350: result: yes
configure:13392: checking if libtool supports shared libraries
configure:13394: result: yes
configure:13397: checking whether to build shared libraries
configure:13422: result: yes
configure:13425: checking whether to build static libraries
configure:13429: result: yes
configure:13534: checking for gcc
configure:13566: result: gcc
configure:13919: checking for C compiler version
configure:13928: gcc --version >&5
gcc (Ubuntu 13.3.0-6ubuntu2~24.04) 13.3.0
Copyright (C) 2023 Free Software Foundation, Inc.
This is free software; see the source for copying conditions.  There is NO
warranty; not even for MERCHANTABILITY or FITNESS FOR A PARTICULAR PURPOSE.

configure:13939: $? = 0
configure:13928: gcc -v >&5
Using built-in specs.
COLLECT_GCC=gcc
COLLECT_LTO_WRAPPER=/usr/libexec/gcc/x86_64-linux-gnu/13/lto-wrapper
OFFLOAD_TARGET_NAMES=nvptx-none:amdgcn-amdhsa
OFFLOAD_TARGET_DEFAULT=1
Target: x86_64-linux-gnu
Configured with: ../src/configure -v --with-pkgversion='Ubuntu 13.3.0-6ubuntu2~24.04' --with-bugurl=file:///usr/share/doc/gcc-13/README.Bugs --enable-languages=c,ada,c++,go,d,fortran,objc,obj-c++,m2 --prefix=/usr --with-gcc-major-version-only --program-suffix=-13 --program-prefix=x86_64-linux-gnu- --enable-shared --enable-linker-build-id --libexecdir=/usr/libexec --without-included-gettext --enable-threads=posix --libdir=/usr/lib --enable-nls --enable-bootstrap --enable-clocale=gnu --enable-libstdcxx-debug --enable-libstdcxx-time=yes --with-default-libstdcxx-abi=new --enable-libstdcxx-backtrace --enable-gnu-unique-object --disable-vtable-verify --enable-plugin --enable-default-pie --with-system-zlib --enable-libphobos-checking=release --with-target-system-zlib=auto --enable-objc-gc=auto --enable-multiarch --disable-werror --enable-cet --with-arch-32=i686 --with-abi=m64 --with-multilib-list=m32,m64,mx32 --enable-multilib --with-tune=generic --enable-offload-targets=nvptx-none=/build/gcc-13-fG75Ri/gcc-13-13.3.0/debian/tmp-nvptx/usr,amdgcn-amdhsa=/build/gcc-13-fG75Ri/gcc-13-13.3.0/debian/tmp-gcn/usr --enable-offload-defaulted --without-cuda-driver --enable-checking=release --build=x86_64-linux-gnu --host=x86_64-linux-gnu --target=x86_64-linux-gnu --with-build-config=bootstrap-lto-lean --enable-link-serialization=2
Thread model: posix
Supported LTO compression algorithms: zlib zstd
gcc version 13.3.0 (Ubuntu 13.3.0-6ubuntu2~24.04) 
... rest of stderr output deleted ...
configure:13939: $? = 0
configure:13928: gcc -V >&5
gcc: error: unrecognized command-line option '-V'
gcc: fatal error: no input files
compilation terminated.
configure:13939: $? = 1
configure:13928: gcc -qversion >&5
gcc: error: unrecognized command-line option '-qversion'; did you mean '--version'?
gcc: fatal error: no input files
compilation terminated.
configure:13939: $? = 1
configure:13928: gcc -version >&5
gcc: error: unrecognized command-line option '-version'
gcc: fatal error: no input files
compilation terminated.
configure:13939: $? = 1
configure:13943: checking whether the compiler supports GNU C
configure:13973: result: yes
configure:13984: checking whether gcc accepts -g
configure:14049: result: yes
configure:14069: checking for gcc option to enable C11 features
configure:14102: result: none needed
configure:14218: checking whether gcc understands -c and -o together
configure:14256: result: yes
configure:14275: checking dependency style of gcc
configure:14387: result: gcc3
configure:14407: checking how to run the C preprocessor
configure:14433: gcc -E  conftest.c
configure:14433: $? = 0
configure:14448: gcc -E  conftest.c
conftest.c:23:10: fatal error: ac_nonexistent.h: No such file or directory
   23 | #include <ac_nonexistent.h>
      |          ^~~~~~~~~~~~~~~~~~
compilation terminated.
configure:14448: $? = 1
configure: failed program was:
| /* confdefs.h */
| #define PACKAGE_NAME "CppUTest"
| #define PACKAGE_TARNAME "cpputest"
| #define PACKAGE_VERSION "4.0"
| #define PACKAGE_STRING "CppUTest 4.0"
| #define PACKAGE_BUGREPORT "https://github.com/cpputest/cpputest"
| #define PACKAGE_URL ""
| #define PACKAGE "cpputest"
| #define VERSION "4.0"
| #define HAVE_STDIO_H 1
| #define HAVE_STDLIB_H 1
| #define HAVE_STRING_H 1
| #define HAVE_INTTYPES_H 1
| #define HAVE_STDINT_H 1
| #define HAVE_STRINGS_H 1
| #define HAVE_SYS_STAT_H 1
| #define HAVE_SYS_TYPES_H 1
| #define HAVE_UNISTD_H 1
| #define STDC_HEADERS 1
| #define HAVE_DLFCN_H 1
| #define LT_OBJDIR ".libs/"
| /* end confdefs.h.  */
| #include <ac_nonexistent.h>
configure:14475: result: gcc -E
configure:14489: gcc -E  conftest.c
configure:14489: $? = 0
configure:14504: gcc -E  conftest.c
conftest.c:23:10: fatal error: ac_nonexistent.h: No such file or directory
   23 | #include <ac_nonexistent.h>
      |          ^~~~~~~~~~~~~~~~~~
compilation terminated.
configure:14504: $? = 1
configure: failed program was:
| /* confdefs.h */
| #define PACKAGE_NAME "CppUTest"
| #define PACKAGE_TARNAME "cpputest"
| #define PACKAGE_VERSION "4.0"
| #define PACKAGE_STRING "CppUTest 4.0"
| #define PACKAGE_BUGREPORT "https://github.com/cpputest/cpputest"
| #define PACKAGE_URL ""
| #define PACKAGE "cpputest"
| #define VERSION "4.0"
| #define HAVE_STDIO_H 1
| #define HAVE_STDLIB_H 1
| #define HAVE_STRING_H 1
| #define HAVE_INTTYPES_H 1
| #define HAVE_STDINT_H 1
| #define HAVE_STRINGS_H 1
| #define HAVE_SYS_STAT_H 1
| #define HAVE_SYS_TYPES_H 1
| #define HAVE_UNISTD_H 1
| #define STDC_HEADERS 1
| #define HAVE_DLFCN_H 1
| #define LT_OBJDIR ".libs/"
| /* end confdefs.h.  */
| #include <ac_nonexistent.h>
configure:14603: checking for g++
configure:14624: found /usr/bin/g++
configure:14635: result: g++
configure:14662: checking for C++ compiler version
configure:14671: g++ --version >&5
g++ (Ubuntu 13.3.0-6ubuntu2~24.04) 13.3.0
Copyright (C) 2023 Free Software Foundation, Inc.
This is free software; see the source for copying conditions.  There is NO
warranty; not even for MERCHANTABILITY or FITNESS FOR A PARTICULAR PURPOSE.

configure:14682: $? = 0
configure:14671: g++ -v >&5
Using built-in specs.
COLLECT_GCC=g++
COLLECT_LTO_WRAPPER=/usr/libexec/gcc/x86_64-linux-gnu/13/lto-wrapper
OFFLOAD_TARGET_NAMES=nvptx-none:amdgcn-amdhsa
OFFLOAD_TARGET_DEFAULT=1
Target: x86_64-linux-gnu
Configured with: ../src/configure -v --with-pkgversion='Ubuntu 13.3.0-6ubuntu2~24.04' --with-bugurl=file:///usr/share/doc/gcc-13/README.Bugs --enable-languages=c,ada,c++,go,d,fortran,objc,obj-c++,m2 --prefix=/usr --with-gcc-major-version-only --program-suffix=-13 --program-prefix=x86_64-linux-gnu- --enable-shared --enable-linker-build-id --libexecdir=/usr/libexec --without-included-gettext --enable-threads=posix --libdir=/usr/lib --enable-nls --enable-bootstrap --enable-clocale=gnu --enable-libstdcxx-debug --enable-libstdcxx-time=yes --with-default-libstdcxx-abi=new --enable-libstdcxx-backtrace --enable-gnu-unique-object --disable-vtable-verify --enable-plugin --enable-default-pie --with-system-zlib --enable-libphobos-checking=release --with-target-system-zlib=auto --enable-objc-gc=auto --enable-multiarch --disable-werror --enable-cet --with-arch-32=i686 --with-abi=m64 --with-multilib-list=m32,m64,mx32 --enable-multilib --with-tune=generic --enable-offload-targets=nvptx-none=/build/gcc-13-fG75Ri/gcc-13-13.3.0/debian/tmp-nvptx/usr,amdgcn-amdhsa=/build/gcc-13-fG75Ri/gcc-13-13.3.0/debian/tmp-gcn/usr --enable-offload-defaulted --without-cuda-driver --enable-checking=release --build=x86_64-linux-gnu --host=x86_64-linux-gnu --target=x86_64-linux-gnu --with-build-config=bootstrap-lto-lean --enable-link-serialization=2
Thread model: posix
Supported LTO compression algorithms: zlib zstd
gcc version 13.3.0 (Ubuntu 13.3.0-6ubuntu2~24.04) 
... rest of stderr output deleted ...
configure:14682: $? = 0
configure:14671: g++ -V >&5
g++: error: unrecognized command-line option '-V'
g++: fatal error: no input files
compilation terminated.
configure:14682: $? = 1
configure:14671: g++ -qversion >&5
g++: error: unrecognized command-line option '-qversion'; did you mean '--version'?
g++: fatal error: no input files
compilation terminated.
configure:14682: $? = 1
configure:14686: checking whether the compiler supports GNU C++
configure:14706: g++ -c   conftest.cpp >&5
configure:14706: $? = 0
configure:14716: result: yes
configure:14727: checking whether g++ accepts -g
configure:14748: g++ -c -g  conftest.cpp >&5
configure:14748: $? = 0
configure:14792: result: yes
configure:14812: checking for g++ option to enable C++11 features
configure:14827: g++  -c -g -O2  conftest.cpp >&5
conftest.cpp: In function 'int main(int, char**)':
conftest.cpp:189:25: warning: empty parentheses were disambiguated as a function declaration [-Wvexing-parse]
  189 |   cxx11test::delegate d2();
      |                         ^~
conftest.cpp:189:25: note: remove parentheses to default-initialize a variable
  189 |   cxx11test::delegate d2();
      |                         ^~
      |                         --
conftest.cpp:189:25: note: or replace parentheses with braces to value-initialize a variable
configure:14827: $? = 0
configure:14845: result: none needed
configure:14911: checking dependency style of g++
configure:15023: result: gcc3
configure:15056: checking how to run the C++ preprocessor
configure:15078: g++ -E  conftest.cpp
configure:15078: $? = 0
configure:15093: g++ -E  conftest.cpp
conftest.cpp:23:10: fatal error: ac_nonexistent.h: No such file or directory
   23 | #include <ac_nonexistent.h>
      |          ^~~~~~~~~~~~~~~~~~
compilation terminated.
configure:15093: $? = 1
configure: failed program was:
| /* confdefs.h */
| #define PACKAGE_NAME "CppUTest"
| #define PACKAGE_TARNAME "cpputest"
| #define PACKAGE_VERSION "4.0"
| #define PACKAGE_STRING "CppUTest 4.0"
| #define PACKAGE_BUGREPORT "https://github.com/cpputest/cpputest"
| #define PACKAGE_URL ""
| #define PACKAGE "cpputest"
| #define VERSION "4.0"
| #define HAVE_STDIO_H 1
| #define HAVE_STDLIB_H 1
| #define HAVE_STRING_H 1
| #define HAVE_INTTYPES_H 1
| #define HAVE_STDINT_H 1
| #define HAVE_STRINGS_H 1
| #define HAVE_SYS_STAT_H 1
| #define HAVE_SYS_TYPES_H 1
| #define HAVE_UNISTD_H 1
| #define STDC_HEADERS 1
| #define HAVE_DLFCN_H 1
| #define LT_OBJDIR ".libs/"
| /* end confdefs.h.  */
| #include <ac_nonexistent.h>
configure:15120: result: g++ -E
configure:15134: g++ -E  conftest.cpp
configure:15134: $? = 0
configure:15149: g++ -E  conftest.cpp
conftest.cpp:23:10: fatal error: ac_nonexistent.h: No such file or directory
   23 | #include <ac_nonexistent.h>
      |          ^~~~~~~~~~~~~~~~~~
compilation terminated.
configure:15149: $? = 1
configure: failed program was:
| /* confdefs.h */
| #define PACKAGE_NAME "CppUTest"
| #define PACKAGE_TARNAME "cpputest"
| #define PACKAGE_VERSION "4.0"
| #define PACKAGE_STRING "CppUTest 4.0"
| #define PACKAGE_BUGREPORT "https://github.com/cpputest/cpputest"
| #define PACKAGE_URL ""
| #define PACKAGE "cpputest"
| #define VERSION "4.0"
| #define HAVE_STDIO_H 1
| #define HAVE_STDLIB_H 1
| #define HAVE_STRING_H 1
| #define HAVE_INTTYPES_H 1
| #define HAVE_STDINT_H 1
| #define HAVE_STRINGS_H 1
| #define HAVE_SYS_STAT_H 1
| #define HAVE_SYS_TYPES_H 1
| #define HAVE_UNISTD_H 1
| #define STDC_HEADERS 1
| #define HAVE_DLFCN_H 1
| #define LT_OBJDIR ".libs/"
| /* end confdefs.h.  */
| #include <ac_nonexistent.h>
configure:15314: checking for ld used by g++
configure:15382: result: /usr/bin/ld -m elf_x86_64
configure:15389: checking if the linker (/usr/bin/ld -m elf_x86_64) is GNU ld
configure:15405: result: yes
configure:15460: checking whether the g++ linker (/usr/bin/ld -m elf_x86_64) supports shared libraries
configure:16538: result: yes
configure:16574: g++ -c -g -O2  conftest.cpp >&5
configure:16577: $? = 0
configure:17058: checking for g++ option to produce PIC
configure:17066: result: -fPIC -DPIC
configure:17074: checking if g++ PIC flag -fPIC -DPIC works
configure:17093: g++ -c -g -O2  -fPIC -DPIC -DPIC conftest.cpp >&5
configure:17097: $? = 0
configure:17110: result: yes
configure:17133: checking if g++ static flag -static works
configure:17162: result: yes
configure:17174: checking if g++ supports -c -o file.o
configure:17196: g++ -c -g -O2  -o out/conftest2.o conftest.cpp >&5
configure:17200: $? = 0
configure:17222: result: yes
configure:17227: checking if g++ supports -c -o file.o
configure:17275: result: yes
configure:17305: checking whether the g++ linker (/usr/bin/ld -m elf_x86_64) supports shared libraries
configure:17348: result: yes
configure:17490: checking dynamic linker characteristics
configure:18250: result: GNU/Linux ld.so
configure:18315: checking how to hardcode library paths into programs
configure:18340: result: immediate
configure:18380: checking whether ln -s works
configure:18384: result: yes
configure:18391: checking whether make sets $(MAKE)
configure:18414: result: yes
configure:18436: checking whether make supports nested variables
configure:18454: result: yes
configure:18634: checking for the pthreads library -lpthreads
configure:18667: gcc -o conftest -g -O2    conftest.c -lpthreads  >&5
conftest.c: In function 'main':
conftest.c:28:22: warning: argument 1 null where non-null expected [-Wnonnull]
   28 |                      pthread_attr_init(0); pthread_cleanup_push(0, 0);
      |                      ^~~~~~~~~~~~~~~~~
In file included from conftest.c:23:
/usr/include/pthread.h:285:12: note: in a call to function 'pthread_attr_init' declared 'nonnull'
  285 | extern int pthread_attr_init (pthread_attr_t *__attr) __THROW __nonnull ((1));
      |            ^~~~~~~~~~~~~~~~~
conftest.c:29:22: warning: argument 1 null where non-null expected [-Wnonnull]
   29 |                      pthread_create(0,0,0,0); pthread_cleanup_pop(0);
      |                      ^~~~~~~~~~~~~~
/usr/include/pthread.h:202:12: note: in a call to function 'pthread_create' declared 'nonnull'
  202 | extern int pthread_create (pthread_t *__restrict __newthread,
      |            ^~~~~~~~~~~~~~
conftest.c:29:22: warning: argument 3 null where non-null expected [-Wnonnull]
   29 |                      pthread_create(0,0,0,0); pthread_cleanup_pop(0);
      |                      ^~~~~~~~~~~~~~
/usr/include/pthread.h:202:12: note: in a call to function 'pthread_create' declared 'nonnull'
  202 | extern int pthread_create (pthread_t *__restrict __newthread,
      |            ^~~~~~~~~~~~~~
/usr/bin/ld: cannot find -lpthreads: No such file or directory
collect2: error: ld returned 1 exit status
configure:18667: $? = 1
configure: failed program was:
| /* confdefs.h */
| #define PACKAGE_NAME "CppUTest"
| #define PACKAGE_TARNAME "cpputest"
| #define PACKAGE_VERSION "4.0"
| #define PACKAGE_STRING "CppUTest 4.0"
| #define PACKAGE_BUGREPORT "https://github.com/cpputest/cpputest"
| #define PACKAGE_URL ""
| #define PACKAGE "cpputest"
| #define VERSION "4.0"
| #define HAVE_STDIO_H 1
| #define HAVE_STDLIB_H 1
| #define HAVE_STRING_H 1
| #define HAVE_INTTYPES_H 1
| #define HAVE_STDINT_H 1
| #define HAVE_STRINGS_H 1
| #define HAVE_SYS_STAT_H 1
| #define HAVE_SYS_TYPES_H 1
| #define HAVE_UNISTD_H 1
| #define STDC_HEADERS 1
| #define HAVE_DLFCN_H 1
| #define LT_OBJDIR ".libs/"
| /* end confdefs.h.  */
| #include <pthread.h>
| int
| main (void)
| {
| pthread_t th; pthread_join(th, 0);
|                      pthread_attr_init(0); pthread_cleanup_push(0, 0);
|                      pthread_create(0,0,0,0); pthread_cleanup_pop(0);
|   ;
|   return 0;
| }
configure:18677: result: no
configure:18574: checking whether pthreads work without any flags
configure:18667: gcc -o conftest -g -O2    conftest.c   >&5
conftest.c: In function 'main':
conftest.c:28:22: warning: argument 1 null where non-null expected [-Wnonnull]
   28 |                      pthread_attr_init(0); pthread_cleanup_push(0, 0);
      |                      ^~~~~~~~~~~~~~~~~
In file included from conftest.c:23:
/usr/include/pthread.h:285:12: note: in a call to function 'pthread_attr_init' declared 'nonnull'
  285 | extern int pthread_attr_init (pthread_attr_t *__attr) __THROW __nonnull ((1));
      |            ^~~~~~~~~~~~~~~~~
conftest.c:29:22: warning: argument 1 null where non-null expected [-Wnonnull]
   29 |                      pthread_create(0,0,0,0); pthread_cleanup_pop(0);
      |                      ^~~~~~~~~~~~~~
/usr/include/pthread.h:202:12: note: in a call to function 'pthread_create' declared 'nonnull'
  202 | extern int pthread_create (pthread_t *__restrict __newthread,
      |            ^~~~~~~~~~~~~~
conftest.c:29:22: warning: argument 3 null where non-null expected [-Wnonnull]
   29 |                      pthread_create(0,0,0,0); pthread_cleanup_pop(0);
      |                      ^~~~~~~~~~~~~~
/usr/include/pthread.h:202:12: note: in a call to function 'pthread_create' declared 'nonnull'
  202 | extern int pthread_create (pthread_t *__restrict __newthread,
      |            ^~~~~~~~~~~~~~
configure:18667: $? = 0
configure:18677: result: yes
configure:18696: checking for joinable pthread attribute
configure:18711: gcc -o conftest -g -O2    conftest.c   >&5
configure:18711: $? = 0
configure:18718: result: PTHREAD_CREATE_JOINABLE
configure:18726: checking if more special flags are required for pthreads
configure:18733: result: no
configure:18819: checking for C compiler vendor
configure:18877: gcc -c -g -O2  conftest.c >&5
conftest.c: In function 'main':
conftest.c:29:7: error: 'thisisanerror' undeclared (first use in this function)
   29 |       thisisanerror;
      |       ^~~~~~~~~~~~~
conftest.c:29:7: note: each undeclared identifier is reported only once for each function it appears in
configure:18877: $? = 1
configure: failed program was:
| /* confdefs.h */
| #define PACKAGE_NAME "CppUTest"
| #define PACKAGE_TARNAME "cpputest"
| #define PACKAGE_VERSION "4.0"
| #define PACKAGE_STRING "CppUTest 4.0"
| #define PACKAGE_BUGREPORT "https://github.com/cpputest/cpputest"
| #define PACKAGE_URL ""
| #define PACKAGE "cpputest"
| #define VERSION "4.0"
| #define HAVE_STDIO_H 1
| #define HAVE_STDLIB_H 1
| #define HAVE_STRING_H 1
| #define HAVE_INTTYPES_H 1
| #define HAVE_STDINT_H 1
| #define HAVE_STRINGS_H 1
| #define HAVE_SYS_STAT_H 1
| #define HAVE_SYS_TYPES_H 1
| #define HAVE_UNISTD_H 1
| #define STDC_HEADERS 1
| #define HAVE_DLFCN_H 1
| #define LT_OBJDIR ".libs/"
| /* end confdefs.h.  */
| 
| int
| main (void)
| {
| 
| #if !(defined(__ICC) || defined(__ECC) || defined(__INTEL_COMPILER))
|       thisisanerror;
| #endif
| 
|   ;
|   return 0;
| }
configure:18877: gcc -c -g -O2  conftest.c >&5
conftest.c: In function 'main':
conftest.c:29:7: error: 'thisisanerror' undeclared (first use in this function)
   29 |       thisisanerror;
      |       ^~~~~~~~~~~~~
conftest.c:29:7: note: each undeclared identifier is reported only once for each function it appears in
configure:18877: $? = 1
configure: failed program was:
| /* confdefs.h */
| #define PACKAGE_NAME "CppUTest"
| #define PACKAGE_TARNAME "cpputest"
| #define PACKAGE_VERSION "4.0"
| #define PACKAGE_STRING "CppUTest 4.0"
| #define PACKAGE_BUGREPORT "https://github.com/cpputest/cpputest"
| #define PACKAGE_URL ""
| #define PACKAGE "cpputest"
| #define VERSION "4.0"
| #define HAVE_STDIO_H 1
| #define HAVE_STDLIB_H 1
| #define HAVE_STRING_H 1
| #define HAVE_INTTYPES_H 1
| #define HAVE_STDINT_H 1
| #define HAVE_STRINGS_H 1
| #define HAVE_SYS_STAT_H 1
| #define HAVE_SYS_TYPES_H 1
| #define HAVE_UNISTD_H 1
| #define STDC_HEADERS 1
| #define HAVE_DLFCN_H 1
| #define LT_OBJDIR ".libs/"
| /* end confdefs.h.  */
| 
| int
| main (void)
| {
| 
| #if !(defined(__xlc__) || defined(__xlC__) || defined(__IBMC__) || defined(__IBMCPP__) || defined(__ibmxl__))
|       thisisanerror;
| #endif
| 
|   ;
|   return 0;
| }
configure:18877: gcc -c -g -O2  conftest.c >&5
conftest.c: In function 'main':
conftest.c:29:7: error: 'thisisanerror' undeclared (first use in this function)
   29 |       thisisanerror;
      |       ^~~~~~~~~~~~~
conftest.c:29:7: note: each undeclared identifier is reported only once for each function it appears in
configure:18877: $? = 1
configure: failed program was:
| /* confdefs.h */
| #define PACKAGE_NAME "CppUTest"
| #define PACKAGE_TARNAME "cpputest"
| #define PACKAGE_VERSION "4.0"
| #define PACKAGE_STRING "CppUTest 4.0"
| #define PACKAGE_BUGREPORT "https://github.com/cpputest/cpputest"
| #define PACKAGE_URL ""
| #define PACKAGE "cpputest"
| #define VERSION "4.0"
| #define HAVE_STDIO_H 1
| #define HAVE_STDLIB_H 1
| #define HAVE_STRING_H 1
| #define HAVE_INTTYPES_H 1
| #define HAVE_STDINT_H 1
| #define HAVE_STRINGS_H 1
| #define HAVE_SYS_STAT_H 1
| #define HAVE_SYS_TYPES_H 1
| #define HAVE_UNISTD_H 1
| #define STDC_HEADERS 1
| #define HAVE_DLFCN_H 1
| #define LT_OBJDIR ".libs/"
| /* end confdefs.h.  */
| 
| int
| main (void)
| {
| 
| #if !(defined(__PATHCC__) || defined(__PATHSCALE__))
|       thisisanerror;
| #endif
| 
|   ;
|   return 0;
| }
configure:18877: gcc -c -g -O2  conftest.c >&5
conftest.c: In function 'main':
conftest.c:29:7: error: 'thisisanerror' undeclared (first use in this function)
   29 |       thisisanerror;
      |       ^~~~~~~~~~~~~
conftest.c:29:7: note: each undeclared identifier is reported only once for each function it appears in
configure:18877: $? = 1
configure: failed program was:
| /* confdefs.h */
| #define PACKAGE_NAME "CppUTest"
| #define PACKAGE_TARNAME "cpputest"
| #define PACKAGE_VERSION "4.0"
| #define PACKAGE_STRING "CppUTest 4.0"
| #define PACKAGE_BUGREPORT "https://github.com/cpputest/cpputest"
| #define PACKAGE_URL ""
| #define PACKAGE "cpputest"
| #define VERSION "4.0"
| #define HAVE_STDIO_H 1
| #define HAVE_STDLIB_H 1
| #define HAVE_STRING_H 1
| #define HAVE_INTTYPES_H 1
| #define HAVE_STDINT_H 1
| #define HAVE_STRINGS_H 1
| #define HAVE_SYS_STAT_H 1
| #define HAVE_SYS_TYPES_H 1
| #define HAVE_UNISTD_H 1
| #define STDC_HEADERS 1
| #define HAVE_DLFCN_H 1
| #define LT_OBJDIR ".libs/"
| /* end confdefs.h.  */
| 
| int
| main (void)
| {
| 
| #if !(defined(__clang__))
|       thisisanerror;
| #endif
| 
|   ;
|   return 0;
| }
configure:18877: gcc -c -g -O2  conftest.c >&5
conftest.c: In function 'main':
conftest.c:29:7: error: 'thisisanerror' undeclared (first use in this function)
   29 |       thisisanerror;
      |       ^~~~~~~~~~~~~
conftest.c:29:7: note: each undeclared identifier is reported only once for each function it appears in
configure:18877: $? = 1
configure: failed program was:
| /* confdefs.h */
| #define PACKAGE_NAME "CppUTest"
| #define PACKAGE_TARNAME "cpputest"
| #define PACKAGE_VERSION "4.0"
| #define PACKAGE_STRING "CppUTest 4.0"
| #define PACKAGE_BUGREPORT "https://github.com/cpputest/cpputest"
| #define PACKAGE_URL ""
| #define PACKAGE "cpputest"
| #define VERSION "4.0"
| #define HAVE_STDIO_H 1
| #define HAVE_STDLIB_H 1
| #define HAVE_STRING_H 1
| #define HAVE_INTTYPES_H 1
| #define HAVE_STDINT_H 1
| #define HAVE_STRINGS_H 1
| #define HAVE_SYS_STAT_H 1
| #define HAVE_SYS_TYPES_H 1
| #define HAVE_UNISTD_H 1
| #define STDC_HEADERS 1
| #define HAVE_DLFCN_H 1
| #define LT_OBJDIR ".libs/"
| /* end confdefs.h.  */
| 
| int
| main (void)
| {
| 
| #if !(defined(_CRAYC))
|       thisisanerror;
| #endif
| 
|   ;
|   return 0;
| }
configure:18877: gcc -c -g -O2  conftest.c >&5
conftest.c: In function 'main':
conftest.c:29:7: error: 'thisisanerror' undeclared (first use in this function)
   29 |       thisisanerror;
      |       ^~~~~~~~~~~~~
conftest.c:29:7: note: each undeclared identifier is reported only once for each function it appears in
configure:18877: $? = 1
configure: failed program was:
| /* confdefs.h */
| #define PACKAGE_NAME "CppUTest"
| #define PACKAGE_TARNAME "cpputest"
| #define PACKAGE_VERSION "4.0"
| #define PACKAGE_STRING "CppUTest 4.0"
| #define PACKAGE_BUGREPORT "https://github.com/cpputest/cpputest"
| #define PACKAGE_URL ""
| #define PACKAGE "cpputest"
| #define VERSION "4.0"
| #define HAVE_STDIO_H 1
| #define HAVE_STDLIB_H 1
| #define HAVE_STRING_H 1
| #define HAVE_INTTYPES_H 1
| #define HAVE_STDINT_H 1
| #define HAVE_STRINGS_H 1
| #define HAVE_SYS_STAT_H 1
| #define HAVE_SYS_TYPES_H 1
| #define HAVE_UNISTD_H 1
| #define STDC_HEADERS 1
| #define HAVE_DLFCN_H 1
| #define LT_OBJDIR ".libs/"
| /* end confdefs.h.  */
| 
| int
| main (void)
| {
| 
| #if !(defined(__FUJITSU))
|       thisisanerror;
| #endif
| 
|   ;
|   return 0;
| }
configure:18877: gcc -c -g -O2  conftest.c >&5
conftest.c: In function 'main':
conftest.c:29:7: error: 'thisisanerror' undeclared (first use in this function)
   29 |       thisisanerror;
      |       ^~~~~~~~~~~~~
conftest.c:29:7: note: each undeclared identifier is reported only once for each function it appears in
configure:18877: $? = 1
configure: failed program was:
| /* confdefs.h */
| #define PACKAGE_NAME "CppUTest"
| #define PACKAGE_TARNAME "cpputest"
| #define PACKAGE_VERSION "4.0"
| #define PACKAGE_STRING "CppUTest 4.0"
| #define PACKAGE_BUGREPORT "https://github.com/cpputest/cpputest"
| #define PACKAGE_URL ""
| #define PACKAGE "cpputest"
| #define VERSION "4.0"
| #define HAVE_STDIO_H 1
| #define HAVE_STDLIB_H 1
| #define HAVE_STRING_H 1
| #define HAVE_INTTYPES_H 1
| #define HAVE_STDINT_H 1
| #define HAVE_STRINGS_H 1
| #define HAVE_SYS_STAT_H 1
| #define HAVE_SYS_TYPES_H 1
| #define HAVE_UNISTD_H 1
| #define STDC_HEADERS 1
| #define HAVE_DLFCN_H 1
| #define LT_OBJDIR ".libs/"
| /* end confdefs.h.  */
| 
| int
| main (void)
| {
| 
| #if !(defined(SDCC) || defined(__SDCC))
|       thisisanerror;
| #endif
| 
|   ;
|   return 0;
| }
configure:18877: gcc -c -g -O2  conftest.c >&5
conftest.c: In function 'main':
conftest.c:29:7: error: 'thisisanerror' undeclared (first use in this function)
   29 |       thisisanerror;
      |       ^~~~~~~~~~~~~
conftest.c:29:7: note: each undeclared identifier is reported only once for each function it appears in
configure:18877: $? = 1
configure: failed program was:
| /* confdefs.h */
| #define PACKAGE_NAME "CppUTest"
| #define PACKAGE_TARNAME "cpputest"
| #define PACKAGE_VERSION "4.0"
| #define PACKAGE_STRING "CppUTest 4.0"
| #define PACKAGE_BUGREPORT "https://github.com/cpputest/cpputest"
| #define PACKAGE_URL ""
| #define PACKAGE "cpputest"
| #define VERSION "4.0"
| #define HAVE_STDIO_H 1
| #define HAVE_STDLIB_H 1
| #define HAVE_STRING_H 1
| #define HAVE_INTTYPES_H 1
| #define HAVE_STDINT_H 1
| #define HAVE_STRINGS_H 1
| #define HAVE_SYS_STAT_H 1
| #define HAVE_SYS_TYPES_H 1
| #define HAVE_UNISTD_H 1
| #define STDC_HEADERS 1
| #define HAVE_DLFCN_H 1
| #define LT_OBJDIR ".libs/"
| /* end confdefs.h.  */
| 
| int
| main (void)
| {
| 
| #if !(defined(_SX))
|       thisisanerror;
| #endif
| 
|   ;
|   return 0;
| }
configure:18877: gcc -c -g -O2  conftest.c >&5
conftest.c: In function 'main':
conftest.c:29:7: error: 'thisisanerror' undeclared (first use in this function)
   29 |       thisisanerror;
      |       ^~~~~~~~~~~~~
conftest.c:29:7: note: each undeclared identifier is reported only once for each function it appears in
configure:18877: $? = 1
configure: failed program was:
| /* confdefs.h */
| #define PACKAGE_NAME "CppUTest"
| #define PACKAGE_TARNAME "cpputest"
| #define PACKAGE_VERSION "4.0"
| #define PACKAGE_STRING "CppUTest 4.0"
| #define PACKAGE_BUGREPORT "https://github.com/cpputest/cpputest"
| #define PACKAGE_URL ""
| #define PACKAGE "cpputest"
| #define VERSION "4.0"
| #define HAVE_STDIO_H 1
| #define HAVE_STDLIB_H 1
| #define HAVE_STRING_H 1
| #define HAVE_INTTYPES_H 1
| #define HAVE_STDINT_H 1
| #define HAVE_STRINGS_H 1
| #define HAVE_SYS_STAT_H 1
| #define HAVE_SYS_TYPES_H 1
| #define HAVE_UNISTD_H 1
| #define STDC_HEADERS 1
| #define HAVE_DLFCN_H 1
| #define LT_OBJDIR ".libs/"
| /* end confdefs.h.  */
| 
| int
| main (void)
| {
| 
| #if !(defined(__PGI))
|       thisisanerror;
| #endif
| 
|   ;
|   return 0;
| }
configure:18877: gcc -c -g -O2  conftest.c >&5
configure:18877: $? = 0
configure:18887: result: gnu
configure:18892: checking for C compiler version
configure:19135: gcc -o conftest -g -O2   conftest.c   >&5
configure:19135: $? = 0
configure:19135: ./conftest
configure:19135: $? = 0
configure:19145: gcc -o conftest -g -O2   conftest.c   >&5
configure:19145: $? = 0
configure:19145: ./conftest
configure:19145: $? = 0
configure:19155: gcc -o conftest -g -O2   conftest.c   >&5
configure:19155: $? = 0
configure:19155: ./conftest
configure:19155: $? = 0
configure:19924: result: 13.3.0
configure:19933: checking if we can link -lpthread to work around a gcc bug (on MacOSX)
configure:19946: gcc -o conftest -g -O2   conftest.c -lpthread >&5
configure:19946: $? = 0
configure:19948: result: yes
configure:19958: checking for stddef.h
configure:19958: gcc -c -g -O2  conftest.c >&5
configure:19958: $? = 0
configure:19958: result: yes
configure:19964: checking for stdint.h
configure:19964: result: yes
configure:19970: checking for stdlib.h
configure:19970: result: yes
configure:19976: checking for string.h
configure:19976: result: yes
configure:19982: checking for sys/time.h
configure:19982: gcc -c -g -O2  conftest.c >&5
configure:19982: $? = 0
configure:19982: result: yes
configure:19988: checking for unistd.h
configure:19988: result: yes
configure:19996: checking for inline
configure:20013: gcc -c -g -O2  conftest.c >&5
configure:20013: $? = 0
configure:20022: result: inline
configure:20040: checking for int16_t
configure:20040: gcc -c -g -O2  conftest.c >&5
configure:20040: $? = 0
configure:20040: gcc -c -g -O2  conftest.c >&5
conftest.c: In function 'main':
conftest.c:61:12: error: size of array 'test_array' is negative
   61 | static int test_array [1 - 2 * !((int16_t) (((((int16_t) 1 << N) << N) - 1) * 2 + 1)
      |            ^~~~~~~~~~
configure:20040: $? = 1
configure: failed program was:
| /* confdefs.h */
| #define PACKAGE_NAME "CppUTest"
| #define PACKAGE_TARNAME "cpputest"
| #define PACKAGE_VERSION "4.0"
| #define PACKAGE_STRING "CppUTest 4.0"
| #define PACKAGE_BUGREPORT "https://github.com/cpputest/cpputest"
| #define PACKAGE_URL ""
| #define PACKAGE "cpputest"
| #define VERSION "4.0"
| #define HAVE_STDIO_H 1
| #define HAVE_STDLIB_H 1
| #define HAVE_STRING_H 1
| #define HAVE_INTTYPES_H 1
| #define HAVE_STDINT_H 1
| #define HAVE_STRINGS_H 1
| #define HAVE_SYS_STAT_H 1
| #define HAVE_SYS_TYPES_H 1
| #define HAVE_UNISTD_H 1
| #define STDC_HEADERS 1
| #define HAVE_DLFCN_H 1
| #define LT_OBJDIR ".libs/"
| #define HAVE_STDDEF_H 1
| #define HAVE_STDINT_H 1
| #define HAVE_STDLIB_H 1
| #define HAVE_STRING_H 1
| #define HAVE_SYS_TIME_H 1
| #define HAVE_UNISTD_H 1
| /* end confdefs.h.  */
| #include <stddef.h>
| #ifdef HAVE_STDIO_H
| # include <stdio.h>
| #endif
| #ifdef HAVE_STDLIB_H
| # include <stdlib.h>
| #endif
| #ifdef HAVE_STRING_H
| # include <string.h>
| #endif
| #ifdef HAVE_INTTYPES_H
| # include <inttypes.h>
| #endif
| #ifdef HAVE_STDINT_H
| # include <stdint.h>
| #endif
| #ifdef HAVE_STRINGS_H
| # include <strings.h>
| #endif
| #ifdef HAVE_SYS_TYPES_H
| # include <sys/types.h>
| #endif
| #ifdef HAVE_SYS_STAT_H
| # include <sys/stat.h>
| #endif
| #ifdef HAVE_UNISTD_H
| # include <unistd.h>
| #endif
| 	        enum { N = 16 / 2 - 1 };
| int
| main (void)
| {
| static int test_array [1 - 2 * !((int16_t) (((((int16_t) 1 << N) << N) - 1) * 2 + 1)
| 		 < (int16_t) (((((int16_t) 1 << N) << N) - 1) * 2 + 2))];
| test_array [0] = 0;
| return test_array [0];
| 
|   ;
|   return 0;
| }
configure:20040: result: yes
configure:20049: checking for int32_t
configure:20049: gcc -c -g -O2  conftest.c >&5
configure:20049: $? = 0
configure:20049: gcc -c -g -O2  conftest.c >&5
conftest.c: In function 'main':
conftest.c:62:67: warning: integer overflow in expression of type 'int' results in '-2147483648' [-Woverflow]
   62 |                  < (int32_t) (((((int32_t) 1 << N) << N) - 1) * 2 + 2))];
      |                                                                   ^
conftest.c:61:12: error: storage size of 'test_array' isn't constant
   61 | static int test_array [1 - 2 * !((int32_t) (((((int32_t) 1 << N) << N) - 1) * 2 + 1)
      |            ^~~~~~~~~~
configure:20049: $? = 1
configure: failed program was:
| /* confdefs.h */
| #define PACKAGE_NAME "CppUTest"
| #define PACKAGE_TARNAME "cpputest"
| #define PACKAGE_VERSION "4.0"
| #define PACKAGE_STRING "CppUTest 4.0"
| #define PACKAGE_BUGREPORT "https://github.com/cpputest/cpputest"
| #define PACKAGE_URL ""
| #define PACKAGE "cpputest"
| #define VERSION "4.0"
| #define HAVE_STDIO_H 1
| #define HAVE_STDLIB_H 1
| #define HAVE_STRING_H 1
| #define HAVE_INTTYPES_H 1
| #define HAVE_STDINT_H 1
| #define HAVE_STRINGS_H 1
| #define HAVE_SYS_STAT_H 1
| #define HAVE_SYS_TYPES_H 1
| #define HAVE_UNISTD_H 1
| #define STDC_HEADERS 1
| #define HAVE_DLFCN_H 1
| #define LT_OBJDIR ".libs/"
| #define HAVE_STDDEF_H 1
| #define HAVE_STDINT_H 1
| #define HAVE_STDLIB_H 1
| #define HAVE_STRING_H 1
| #define HAVE_SYS_TIME_H 1
| #define HAVE_UNISTD_H 1
| /* end confdefs.h.  */
| #include <stddef.h>
| #ifdef HAVE_STDIO_H
| # include <stdio.h>
| #endif
| #ifdef HAVE_STDLIB_H
| # include <stdlib.h>
| #endif
| #ifdef HAVE_STRING_H
| # include <string.h>
| #endif
| #ifdef HAVE_INTTYPES_H
| # include <inttypes.h>
| #endif
| #ifdef HAVE_STDINT_H
| # include <stdint.h>
| #endif
| #ifdef HAVE_STRINGS_H
| # include <strings.h>
| #endif
| #ifdef HAVE_SYS_TYPES_H
| # include <sys/types.h>
| #endif
| #ifdef HAVE_SYS_STAT_H
| # include <sys/stat.h>
| #endif
| #ifdef HAVE_UNISTD_H
| # include <unistd.h>
| #endif
| 	        enum { N = 32 / 2 - 1 };
| int
| main (void)
| {
| static int test_array [1 - 2 * !((int32_t) (((((int32_t) 1 << N) << N) - 1) * 2 + 1)
| 		 < (int32_t) (((((int32_t) 1 << N) << N) - 1) * 2 + 2))];
| test_array [0] = 0;
| return test_array [0];
| 
|   ;
|   return 0;
| }
configure:20049: result: yes
configure:20058: checking for int64_t
configure:20058: gcc -c -g -O2  conftest.c >&5
configure:20058: $? = 0
configure:20058: gcc -c -g -O2  conftest.c >&5
conftest.c: In function 'main':
conftest.c:62:67: warning: integer overflow in expression of type 'long int' results in '-9223372036854775808' [-Woverflow]
   62 |                  < (int64_t) (((((int64_t) 1 << N) << N) - 1) * 2 + 2))];
      |                                                                   ^
conftest.c:61:12: error: storage size of 'test_array' isn't constant
   61 | static int test_array [1 - 2 * !((int64_t) (((((int64_t) 1 << N) << N) - 1) * 2 + 1)
      |            ^~~~~~~~~~
configure:20058: $? = 1
configure: failed program was:
| /* confdefs.h */
| #define PACKAGE_NAME "CppUTest"
| #define PACKAGE_TARNAME "cpputest"
| #define PACKAGE_VERSION "4.0"
| #define PACKAGE_STRING "CppUTest 4.0"
| #define PACKAGE_BUGREPORT "https://github.com/cpputest/cpputest"
| #define PACKAGE_URL ""
| #define PACKAGE "cpputest"
| #define VERSION "4.0"
| #define HAVE_STDIO_H 1
| #define HAVE_STDLIB_H 1
| #define HAVE_STRING_H 1
| #define HAVE_INTTYPES_H 1
| #define HAVE_STDINT_H 1
| #define HAVE_STRINGS_H 1
| #define HAVE_SYS_STAT_H 1
| #define HAVE_SYS_TYPES_H 1
| #define HAVE_UNISTD_H 1
| #define STDC_HEADERS 1
| #define HAVE_DLFCN_H 1
| #define LT_OBJDIR ".libs/"
| #define HAVE_STDDEF_H 1
| #define HAVE_STDINT_H 1
| #define HAVE_STDLIB_H 1
| #define HAVE_STRING_H 1
| #define HAVE_SYS_TIME_H 1
| #define HAVE_UNISTD_H 1
| /* end confdefs.h.  */
| #include <stddef.h>
| #ifdef HAVE_STDIO_H
| # include <stdio.h>
| #endif
| #ifdef HAVE_STDLIB_H
| # include <stdlib.h>
| #endif
| #ifdef HAVE_STRING_H
| # include <string.h>
| #endif
| #ifdef HAVE_INTTYPES_H
| # include <inttypes.h>
| #endif
| #ifdef HAVE_STDINT_H
| # include <stdint.h>
| #endif
| #ifdef HAVE_STRINGS_H
| # include <strings.h>
| #endif
| #ifdef HAVE_SYS_TYPES_H
| # include <sys/types.h>
| #endif
| #ifdef HAVE_SYS_STAT_H
| # include <sys/stat.h>
| #endif
| #ifdef HAVE_UNISTD_H
| # include <unistd.h>
| #endif
| 	        enum { N = 64 / 2 - 1 };
| int
| main (void)
| {
| static int test_array [1 - 2 * !((int64_t) (((((int64_t) 1 << N) << N) - 1) * 2 + 1)
| 		 < (int64_t) (((((int64_t) 1 << N) << N) - 1) * 2 + 2))];
| test_array [0] = 0;
| return test_array [0];
| 
|   ;
|   return 0;
| }
configure:20058: result: yes
configure:20067: checking for int8_t
configure:20067: gcc -c -g -O2  conftest.c >&5
configure:20067: $? = 0
configure:20067: gcc -c -g -O2  conftest.c >&5
conftest.c: In function 'main':
conftest.c:61:12: error: size of array 'test_array' is negative
   61 | static int test_array [1 - 2 * !((int8_t) (((((int8_t) 1 << N) << N) - 1) * 2 + 1)
      |            ^~~~~~~~~~
configure:20067: $? = 1
configure: failed program was:
| /* confdefs.h */
| #define PACKAGE_NAME "CppUTest"
| #define PACKAGE_TARNAME "cpputest"
| #define PACKAGE_VERSION "4.0"
| #define PACKAGE_STRING "CppUTest 4.0"
| #define PACKAGE_BUGREPORT "https://github.com/cpputest/cpputest"
| #define PACKAGE_URL ""
| #define PACKAGE "cpputest"
| #define VERSION "4.0"
| #define HAVE_STDIO_H 1
| #define HAVE_STDLIB_H 1
| #define HAVE_STRING_H 1
| #define HAVE_INTTYPES_H 1
| #define HAVE_STDINT_H 1
| #define HAVE_STRINGS_H 1
| #define HAVE_SYS_STAT_H 1
| #define HAVE_SYS_TYPES_H 1
| #define HAVE_UNISTD_H 1
| #define STDC_HEADERS 1
| #define HAVE_DLFCN_H 1
| #define LT_OBJDIR ".libs/"
| #define HAVE_STDDEF_H 1
| #define HAVE_STDINT_H 1
| #define HAVE_STDLIB_H 1
| #define HAVE_STRING_H 1
| #define HAVE_SYS_TIME_H 1
| #define HAVE_UNISTD_H 1
| /* end confdefs.h.  */
| #include <stddef.h>
| #ifdef HAVE_STDIO_H
| # include <stdio.h>
| #endif
| #ifdef HAVE_STDLIB_H
| # include <stdlib.h>
| #endif
| #ifdef HAVE_STRING_H
| # include <string.h>
| #endif
| #ifdef HAVE_INTTYPES_H
| # include <inttypes.h>
| #endif
| #ifdef HAVE_STDINT_H
| # include <stdint.h>
| #endif
| #ifdef HAVE_STRINGS_H
| # include <strings.h>
| #endif
| #ifdef HAVE_SYS_TYPES_H
| # include <sys/types.h>
| #endif
| #ifdef HAVE_SYS_STAT_H
| # include <sys/stat.h>
| #endif
| #ifdef HAVE_UNISTD_H
| # include <unistd.h>
| #endif
| 	        enum { N = 8 / 2 - 1 };
| int
| main (void)
| {
| static int test_array [1 - 2 * !((int8_t) (((((int8_t) 1 << N) << N) - 1) * 2 + 1)
| 		 < (int8_t) (((((int8_t) 1 << N) << N) - 1) * 2 + 2))];
| test_array [0] = 0;
| return test_array [0];
| 
|   ;
|   return 0;
| }
configure:20067: result: yes
configure:20077: checking for pid_t
configure:20077: gcc -c -g -O2  conftest.c >&5
configure:20077: $? = 0
configure:20077: gcc -c -g -O2  conftest.c >&5
conftest.c: In function 'main':
conftest.c:61:20: error: expected expression before ')' token
   61 | if (sizeof ((pid_t)))
      |                    ^
configure:20077: $? = 1
configure: failed program was:
| /* confdefs.h */
| #define PACKAGE_NAME "CppUTest"
| #define PACKAGE_TARNAME "cpputest"
| #define PACKAGE_VERSION "4.0"
| #define PACKAGE_STRING "CppUTest 4.0"
| #define PACKAGE_BUGREPORT "https://github.com/cpputest/cpputest"
| #define PACKAGE_URL ""
| #define PACKAGE "cpputest"
| #define VERSION "4.0"
| #define HAVE_STDIO_H 1
| #define HAVE_STDLIB_H 1
| #define HAVE_STRING_H 1
| #define HAVE_INTTYPES_H 1
| #define HAVE_STDINT_H 1
| #define HAVE_STRINGS_H 1
| #define HAVE_SYS_STAT_H 1
| #define HAVE_SYS_TYPES_H 1
| #define HAVE_UNISTD_H 1
| #define STDC_HEADERS 1
| #define HAVE_DLFCN_H 1
| #define LT_OBJDIR ".libs/"
| #define HAVE_STDDEF_H 1
| #define HAVE_STDINT_H 1
| #define HAVE_STDLIB_H 1
| #define HAVE_STRING_H 1
| #define HAVE_SYS_TIME_H 1
| #define HAVE_UNISTD_H 1
| /* end confdefs.h.  */
| #include <stddef.h>
| #ifdef HAVE_STDIO_H
| # include <stdio.h>
| #endif
| #ifdef HAVE_STDLIB_H
| # include <stdlib.h>
| #endif
| #ifdef HAVE_STRING_H
| # include <string.h>
| #endif
| #ifdef HAVE_INTTYPES_H
| # include <inttypes.h>
| #endif
| #ifdef HAVE_STDINT_H
| # include <stdint.h>
| #endif
| #ifdef HAVE_STRINGS_H
| # include <strings.h>
| #endif
| #ifdef HAVE_SYS_TYPES_H
| # include <sys/types.h>
| #endif
| #ifdef HAVE_SYS_STAT_H
| # include <sys/stat.h>
| #endif
| #ifdef HAVE_UNISTD_H
| # include <unistd.h>
| #endif
| 
| int
| main (void)
| {
| if (sizeof ((pid_t)))
| 	    return 0;
|   ;
|   return 0;
| }
configure:20077: result: yes
configure:20113: checking for size_t
configure:20113: gcc -c -g -O2  conftest.c >&5
configure:20113: $? = 0
configure:20113: gcc -c -g -O2  conftest.c >&5
conftest.c: In function 'main':
conftest.c:60:21: error: expected expression before ')' token
   60 | if (sizeof ((size_t)))
      |                     ^
configure:20113: $? = 1
configure: failed program was:
| /* confdefs.h */
| #define PACKAGE_NAME "CppUTest"
| #define PACKAGE_TARNAME "cpputest"
| #define PACKAGE_VERSION "4.0"
| #define PACKAGE_STRING "CppUTest 4.0"
| #define PACKAGE_BUGREPORT "https://github.com/cpputest/cpputest"
| #define PACKAGE_URL ""
| #define PACKAGE "cpputest"
| #define VERSION "4.0"
| #define HAVE_STDIO_H 1
| #define HAVE_STDLIB_H 1
| #define HAVE_STRING_H 1
| #define HAVE_INTTYPES_H 1
| #define HAVE_STDINT_H 1
| #define HAVE_STRINGS_H 1
| #define HAVE_SYS_STAT_H 1
| #define HAVE_SYS_TYPES_H 1
| #define HAVE_UNISTD_H 1
| #define STDC_HEADERS 1
| #define HAVE_DLFCN_H 1
| #define LT_OBJDIR ".libs/"
| #define HAVE_STDDEF_H 1
| #define HAVE_STDINT_H 1
| #define HAVE_STDLIB_H 1
| #define HAVE_STRING_H 1
| #define HAVE_SYS_TIME_H 1
| #define HAVE_UNISTD_H 1
| /* end confdefs.h.  */
| #include <stddef.h>
| #ifdef HAVE_STDIO_H
| # include <stdio.h>
| #endif
| #ifdef HAVE_STDLIB_H
| # include <stdlib.h>
| #endif
| #ifdef HAVE_STRING_H
| # include <string.h>
| #endif
| #ifdef HAVE_INTTYPES_H
| # include <inttypes.h>
| #endif
| #ifdef HAVE_STDINT_H
| # include <stdint.h>
| #endif
| #ifdef HAVE_STRINGS_H
| # include <strings.h>
| #endif
| #ifdef HAVE_SYS_TYPES_H
| # include <sys/types.h>
| #endif
| #ifdef HAVE_SYS_STAT_H
| # include <sys/stat.h>
| #endif
| #ifdef HAVE_UNISTD_H
| # include <unistd.h>
| #endif
| int
| main (void)
| {
| if (sizeof ((size_t)))
| 	    return 0;
|   ;
|   return 0;
| }
configure:20113: result: yes
configure:20123: checking for uint16_t
configure:20123: gcc -c -g -O2  conftest.c >&5
configure:20123: $? = 0
configure:20123: result: yes
configure:20133: checking for uint32_t
configure:20133: gcc -c -g -O2  conftest.c >&5
configure:20133: $? = 0
configure:20133: result: yes
configure:20145: checking for uint64_t
configure:20145: gcc -c -g -O2  conftest.c >&5
configure:20145: $? = 0
configure:20145: result: yes
configure:20157: checking for uint8_t
configure:20157: gcc -c -g -O2  conftest.c >&5
configure:20157: $? = 0
configure:20157: result: yes
configure:20170: checking for unsigned long long int
configure:20212: gcc -o conftest -g -O2   conftest.c    -lpthread >&5
configure:20212: $? = 0
configure:20222: result: yes
configure:20232: checking for long long int
configure:20274: gcc -o conftest -g -O2   conftest.c    -lpthread >&5
configure:20274: $? = 0
configure:20274: ./conftest
configure:20274: $? = 0
configure:20287: result: yes
configure:20302: checking for fork
configure:20302: gcc -o conftest -g -O2   conftest.c    -lpthread >&5
conftest.c:47:6: warning: conflicting types for built-in function 'fork'; expected 'int(void)' [-Wbuiltin-declaration-mismatch]
   47 | char fork ();
      |      ^~~~
configure:20302: $? = 0
configure:20302: result: yes
configure:20302: checking for vfork
configure:20302: gcc -o conftest -g -O2   conftest.c    -lpthread >&5
configure:20302: $? = 0
configure:20302: result: yes
configure:20315: checking for working fork
configure:20339: gcc -o conftest -g -O2   conftest.c    -lpthread >&5
configure:20339: $? = 0
configure:20339: ./conftest
configure:20339: $? = 0
configure:20350: result: yes
configure:20371: checking for working vfork
configure:20500: result: yes
configure:20525: checking for waitpid
configure:20525: gcc -o conftest -g -O2   conftest.c    -lpthread >&5
configure:20525: $? = 0
configure:20525: result: yes
configure:20531: checking for gettimeofday
configure:20531: gcc -o conftest -g -O2   conftest.c    -lpthread >&5
configure:20531: $? = 0
configure:20531: result: yes
configure:20537: checking for memset
configure:20537: gcc -o conftest -g -O2   conftest.c    -lpthread >&5
conftest.c:53:6: warning: conflicting types for built-in function 'memset'; expected 'void *(void *, int,  long unsigned int)' [-Wbuiltin-declaration-mismatch]
   53 | char memset ();
      |      ^~~~~~
conftest.c:45:1: note: 'memset' is declared in header '<string.h>'
   44 | #include <limits.h>
   45 | #undef memset
configure:20537: $? = 0
configure:20537: result: yes
configure:20543: checking for strstr
configure:20543: gcc -o conftest -g -O2   conftest.c    -lpthread >&5
conftest.c:54:6: warning: conflicting types for built-in function 'strstr'; expected 'char *(const char *, const char *)' [-Wbuiltin-declaration-mismatch]
   54 | char strstr ();
      |      ^~~~~~
conftest.c:46:1: note: 'strstr' is declared in header '<string.h>'
   45 | #include <limits.h>
   46 | #undef strstr
configure:20543: $? = 0
configure:20543: result: yes
configure:20549: checking for strdup
configure:20549: gcc -o conftest -g -O2   conftest.c    -lpthread >&5
conftest.c:55:6: warning: conflicting types for built-in function 'strdup'; expected 'char *(const char *)' [-Wbuiltin-declaration-mismatch]
   55 | char strdup ();
      |      ^~~~~~
configure:20549: $? = 0
configure:20549: result: yes
configure:20555: checking for pthread_mutex_lock
configure:20555: gcc -o conftest -g -O2   conftest.c    -lpthread >&5
configure:20555: $? = 0
configure:20555: result: yes
configure:20565: checking for gcc
configure:20586: found /usr/bin/gcc
configure:20598: result: yes
configure:20608: checking for clang
configure:20641: result: no
configure:20651: checking for lcov
configure:20684: result: no
configure:20694: checking for valgrind
configure:20727: result: no
configure:20737: checking for dash
configure:20758: found /usr/bin/dash
configure:20770: result: yes
configure:20823: checking whether CXX supports -std=c++1y
configure:20836: g++ -c -Werror -std=c++1y  conftest.cpp >&5
configure:20836: $? = 0
configure:20838: result: yes
configure:20849: checking whether CXX supports -std=c++14
configure:20862: g++ -c -Werror -std=c++14  conftest.cpp >&5
configure:20862: $? = 0
configure:20864: result: yes
configure:20875: checking whether CXX supports -std=c++17
configure:20888: g++ -c -Werror -std=c++17  conftest.cpp >&5
configure:20888: $? = 0
configure:20890: result: yes
configure:20901: checking whether CXX supports -std=c++2a
configure:20914: g++ -c -Werror -std=c++2a  conftest.cpp >&5
configure:20914: $? = 0
configure:20916: result: yes
configure:20927: checking whether CXX supports -std=c++20
configure:20940: g++ -c -Werror -std=c++20  conftest.cpp >&5
configure:20940: $? = 0
configure:20942: result: yes
configure:20958: checking whether CXX supports -std=c++98
configure:20971: g++ -c -Werror -std=c++98  conftest.cpp >&5
configure:20971: $? = 0
configure:20973: result: yes
configure:20984: checking whether CXX supports -std=c++0x
configure:20997: g++ -c -Werror -std=c++0x  conftest.cpp >&5
configure:20997: $? = 0
configure:20999: result: yes
configure:21009: checking whether CXX supports -std=c++11
configure:21022: g++ -c -Werror -std=c++11  conftest.cpp >&5
configure:21022: $? = 0
configure:21024: result: yes
configure:21034: checking whether CXX supports -stdlib=libc++
configure:21047: g++ -c -Werror -stdlib=libc++  conftest.cpp >&5
g++: error: unrecognized command-line option '-stdlib=libc++'
configure:21047: $? = 1
configure: failed program was:
| /* confdefs.h */
| #define PACKAGE_NAME "CppUTest"
| #define PACKAGE_TARNAME "cpputest"
| #define PACKAGE_VERSION "4.0"
| #define PACKAGE_STRING "CppUTest 4.0"
| #define PACKAGE_BUGREPORT "https://github.com/cpputest/cpputest"
| #define PACKAGE_URL ""
| #define PACKAGE "cpputest"
| #define VERSION "4.0"
| #define HAVE_STDIO_H 1
| #define HAVE_STDLIB_H 1
| #define HAVE_STRING_H 1
| #define HAVE_INTTYPES_H 1
| #define HAVE_STDINT_H 1
| #define HAVE_STRINGS_H 1
| #define HAVE_SYS_STAT_H 1
| #define HAVE_SYS_TYPES_H 1
| #define HAVE_UNISTD_H 1
| #define STDC_HEADERS 1
| #define HAVE_DLFCN_H 1
| #define LT_OBJDIR ".libs/"
| #define HAVE_STDDEF_H 1
| #define HAVE_STDINT_H 1
| #define HAVE_STDLIB_H 1
| #define HAVE_STRING_H 1
| #define HAVE_SYS_TIME_H 1
| #define HAVE_UNISTD_H 1
| #define HAVE_UNSIGNED_LONG_LONG_INT 1
| #define HAVE_LONG_LONG_INT 1
| #define HAVE_FORK 1
| #define HAVE_VFORK 1
| #define HAVE_WORKING_VFORK 1
| #define HAVE_WORKING_FORK 1
| #define HAVE_WAITPID 1
| #define HAVE_GETTIMEOFDAY 1
| #define HAVE_MEMSET 1
| #define HAVE_STRSTR 1
| #define HAVE_STRDUP 1
| #define HAVE_PTHREAD_MUTEX_LOCK 1
| /* end confdefs.h.  */
| #include <cstdio>
| int
| main (void)
| {
| 
|   ;
|   return 0;
| }
configure:21052: result: no
configure:21060: checking whether CXX supports -Wno-c++98-compat
configure:21073: g++ -c -Werror -Wno-c++98-compat  conftest.cpp >&5
configure:21073: $? = 0
configure:21075: result: yes
configure:21086: checking whether CXX supports -Wno-c++98-compat-pedantic
configure:21099: g++ -c -Werror -Wno-c++98-compat-pedantic  conftest.cpp >&5
configure:21099: $? = 0
configure:21101: result: yes
configure:21112: checking whether CXX supports -Wno-c++14-compat
configure:21125: g++ -c -Werror -Wno-c++14-compat  conftest.cpp >&5
configure:21125: $? = 0
configure:21127: result: yes
configure:21145: checking whether CC and CXX supports -Wno-c++11-long-long
configure:21158: gcc -c -Werror -Wno-c++11-long-long  conftest.c >&5
configure:21158: $? = 0
configure:21160: result: yes
configure:21171: checking whether CC and CXX supports -Wno-long-long
configure:21184: gcc -c -Werror -Wno-long-long  conftest.c >&5
configure:21184: $? = 0
configure:21186: result: yes
configure:21200: checking whether CC and CXX supports -Weverything
configure:21213: gcc -c -Werror -Weverything -Wno-unused-macros  conftest.c >&5
gcc: error: unrecognized command-line option '-Weverything'
configure:21213: $? = 1
configure: failed program was:
| /* confdefs.h */
| #define PACKAGE_NAME "CppUTest"
| #define PACKAGE_TARNAME "cpputest"
| #define PACKAGE_VERSION "4.0"
| #define PACKAGE_STRING "CppUTest 4.0"
| #define PACKAGE_BUGREPORT "https://github.com/cpputest/cpputest"
| #define PACKAGE_URL ""
| #define PACKAGE "cpputest"
| #define VERSION "4.0"
| #define HAVE_STDIO_H 1
| #define HAVE_STDLIB_H 1
| #define HAVE_STRING_H 1
| #define HAVE_INTTYPES_H 1
| #define HAVE_STDINT_H 1
| #define HAVE_STRINGS_H 1
| #define HAVE_SYS_STAT_H 1
| #define HAVE_SYS_TYPES_H 1
| #define HAVE_UNISTD_H 1
| #define STDC_HEADERS 1
| #define HAVE_DLFCN_H 1
| #define LT_OBJDIR ".libs/"
| #define HAVE_STDDEF_H 1
| #define HAVE_STDINT_H 1
| #define HAVE_STDLIB_H 1
| #define HAVE_STRING_H 1
| #define HAVE_SYS_TIME_H 1
| #define HAVE_UNISTD_H 1
| #define HAVE_UNSIGNED_LONG_LONG_INT 1
| #define HAVE_LONG_LONG_INT 1
| #define HAVE_FORK 1
| #define HAVE_VFORK 1
| #define HAVE_WORKING_VFORK 1
| #define HAVE_WORKING_FORK 1
| #define HAVE_WAITPID 1
| #define HAVE_GETTIMEOFDAY 1
| #define HAVE_MEMSET 1
| #define HAVE_STRSTR 1
| #define HAVE_STRDUP 1
| #define HAVE_PTHREAD_MUTEX_LOCK 1
| /* end confdefs.h.  */
| 
| int
| main (void)
| {
| 
|   ;
|   return 0;
| }
configure:21218: result: no
configure:21226: checking whether CC and CXX supports -Wall
configure:21239: gcc -c -Werror -Wall  conftest.c >&5
configure:21239: $? = 0
configure:21241: result: yes
configure:21252: checking whether CC and CXX supports -Wextra
configure:21265: gcc -c -Werror -Wextra  conftest.c >&5
configure:21265: $? = 0
configure:21267: result: yes
configure:21278: checking whether CC and CXX supports -Wshadow
configure:21291: gcc -c -Werror -Wshadow  conftest.c >&5
configure:21291: $? = 0
configure:21293: result: yes
configure:21304: checking whether CC and CXX supports -Wswitch-default
configure:21317: gcc -c -Werror -Wswitch-default  conftest.c >&5
configure:21317: $? = 0
configure:21319: result: yes
configure:21330: checking whether CC and CXX supports -Wswitch-enum
configure:21343: gcc -c -Werror -Wswitch-enum  conftest.c >&5
configure:21343: $? = 0
configure:21345: result: yes
configure:21356: checking whether CC and CXX supports -Wconversion
configure:21369: gcc -c -Werror -Wconversion  conftest.c >&5
configure:21369: $? = 0
configure:21371: result: yes
configure:21382: checking whether CC and CXX supports -pedantic
configure:21395: gcc -c -Werror -pedantic  conftest.c >&5
configure:21395: $? = 0
configure:21397: result: yes
configure:21408: checking whether CC supports -Wsign-conversion
configure:21421: gcc -c -Werror -Wsign-conversion  conftest.c >&5
configure:21421: $? = 0
configure:21423: result: yes
configure:21442: checking whether CXX supports -Wsign-conversion
configure:21455: g++ -c -Werror -Wsign-conversion  conftest.cpp >&5
configure:21455: $? = 0
configure:21457: result: yes
configure:21468: checking whether CXX supports -Woverloaded-virtual
configure:21481: g++ -c -Werror -Woverloaded-virtual  conftest.cpp >&5
configure:21481: $? = 0
configure:21483: result: yes
configure:21501: checking whether CC supports -Wstrict-prototypes
configure:21514: gcc -c -Werror -Wstrict-prototypes  conftest.c >&5
configure:21514: $? = 0
configure:21516: result: yes
configure:21532: checking whether CC and CXX supports -Wno-disabled-macro-expansion
configure:21545: gcc -c -Werror -Wno-disabled-macro-expansion  conftest.c >&5
configure:21545: $? = 0
configure:21547: result: yes
configure:21558: checking whether CC and CXX supports -Wno-padded
configure:21571: gcc -c -Werror -Wno-padded  conftest.c >&5
configure:21571: $? = 0
configure:21573: result: yes
configure:21584: checking whether CC and CXX supports -Wno-reserved-id-macro
configure:21597: gcc -c -Werror -Wno-reserved-id-macro  conftest.c >&5
configure:21597: $? = 0
configure:21599: result: yes
configure:21610: checking whether CC and CXX supports -Wno-keyword-macro
configure:21623: gcc -c -Werror -Wno-keyword-macro  conftest.c >&5
configure:21623: $? = 0
configure:21625: result: yes
configure:21642: checking whether CXX supports -Wno-global-constructors
configure:21655: g++ -c -Werror -Wno-global-constructors  conftest.cpp >&5
configure:21655: $? = 0
configure:21657: result: yes
configure:21668: checking whether CXX supports -Wno-exit-time-destructors
configure:21681: g++ -c -Werror -Wno-exit-time-destructors  conftest.cpp >&5
configure:21681: $? = 0
configure:21683: result: yes
configure:21694: checking whether CXX supports -Wno-weak-vtables
configure:21707: g++ -c -Werror -Wno-weak-vtables  conftest.cpp >&5
configure:21707: $? = 0
configure:21709: result: yes
configure:21720: checking whether CXX supports -Wno-old-style-cast
configure:21733: g++ -c -Werror -Wno-old-style-cast  conftest.cpp >&5
configure:21733: $? = 0
configure:21735: result: yes
configure:21762: checking whether CXX and the linker supports --coverage (broken in clang 3.3)
configure:21775: g++ -o conftest -Werror --coverage   conftest.cpp    -lpthread >&5
configure:21775: $? = 0
configure:21777: result: yes
configure:21806: checking whether CXX supports operator delete without exception handling specifier
configure:21819: g++ -c -Werror  conftest.cpp >&5
conftest.cpp:41:15: error: extra tokens at end of #include directive [-Werror]
   41 | #include <new>\nvoid operator delete(void* mem);
      |               ^
cc1plus: all warnings being treated as errors
configure:21819: $? = 1
configure: failed program was:
| /* confdefs.h */
| #define PACKAGE_NAME "CppUTest"
| #define PACKAGE_TARNAME "cpputest"
| #define PACKAGE_VERSION "4.0"
| #define PACKAGE_STRING "CppUTest 4.0"
| #define PACKAGE_BUGREPORT "https://github.com/cpputest/cpputest"
| #define PACKAGE_URL ""
| #define PACKAGE "cpputest"
| #define VERSION "4.0"
| #define HAVE_STDIO_H 1
| #define HAVE_STDLIB_H 1
| #define HAVE_STRING_H 1
| #define HAVE_INTTYPES_H 1
| #define HAVE_STDINT_H 1
| #define HAVE_STRINGS_H 1
| #define HAVE_SYS_STAT_H 1
| #define HAVE_SYS_TYPES_H 1
| #define HAVE_UNISTD_H 1
| #define STDC_HEADERS 1
| #define HAVE_DLFCN_H 1
| #define LT_OBJDIR ".libs/"
| #define HAVE_STDDEF_H 1
| #define HAVE_STDINT_H 1
| #define HAVE_STDLIB_H 1
| #define HAVE_STRING_H 1
| #define HAVE_SYS_TIME_H 1
| #define HAVE_UNISTD_H 1
| #define HAVE_UNSIGNED_LONG_LONG_INT 1
| #define HAVE_LONG_LONG_INT 1
| #define HAVE_FORK 1
| #define HAVE_VFORK 1
| #define HAVE_WORKING_VFORK 1
| #define HAVE_WORKING_FORK 1
| #define HAVE_WAITPID 1
| #define HAVE_GETTIMEOFDAY 1
| #define HAVE_MEMSET 1
| #define HAVE_STRSTR 1
| #define HAVE_STRDUP 1
| #define HAVE_PTHREAD_MUTEX_LOCK 1
| /* end confdefs.h.  */
| #include <new>\nvoid operator delete(void* mem);
| int
| main (void)
| {
| 
|   ;
|   return 0;
| }
configure:21824: result: no
configure:21832: checking whether CXX supports operator new with exception handling specifier
configure:21845: g++ -c -Werror  conftest.cpp >&5
conftest.cpp:41:15: error: extra tokens at end of #include directive [-Werror]
   41 | #include <new>\nvoid* operator new(size_t size) throw(std::bad_alloc);;
      |               ^
cc1plus: all warnings being treated as errors
configure:21845: $? = 1
configure: failed program was:
| /* confdefs.h */
| #define PACKAGE_NAME "CppUTest"
| #define PACKAGE_TARNAME "cpputest"
| #define PACKAGE_VERSION "4.0"
| #define PACKAGE_STRING "CppUTest 4.0"
| #define PACKAGE_BUGREPORT "https://github.com/cpputest/cpputest"
| #define PACKAGE_URL ""
| #define PACKAGE "cpputest"
| #define VERSION "4.0"
| #define HAVE_STDIO_H 1
| #define HAVE_STDLIB_H 1
| #define HAVE_STRING_H 1
| #define HAVE_INTTYPES_H 1
| #define HAVE_STDINT_H 1
| #define HAVE_STRINGS_H 1
| #define HAVE_SYS_STAT_H 1
| #define HAVE_SYS_TYPES_H 1
| #define HAVE_UNISTD_H 1
| #define STDC_HEADERS 1
| #define HAVE_DLFCN_H 1
| #define LT_OBJDIR ".libs/"
| #define HAVE_STDDEF_H 1
| #define HAVE_STDINT_H 1
| #define HAVE_STDLIB_H 1
| #define HAVE_STRING_H 1
| #define HAVE_SYS_TIME_H 1
| #define HAVE_UNISTD_H 1
| #define HAVE_UNSIGNED_LONG_LONG_INT 1
| #define HAVE_LONG_LONG_INT 1
| #define HAVE_FORK 1
| #define HAVE_VFORK 1
| #define HAVE_WORKING_VFORK 1
| #define HAVE_WORKING_FORK 1
| #define HAVE_WAITPID 1
| #define HAVE_GETTIMEOFDAY 1
| #define HAVE_MEMSET 1
| #define HAVE_STRSTR 1
| #define HAVE_STRDUP 1
| #define HAVE_PTHREAD_MUTEX_LOCK 1
| /* end confdefs.h.  */
| #include <new>\nvoid* operator new(size_t size) throw(std::bad_alloc);;
| int
| main (void)
| {
| 
|   ;
|   return 0;
| }
configure:21850: result: no
configure:21858: checking whether CXX supports -Wno-missing-exception-spec
configure:21871: g++ -c -Werror -Wno-missing-exception-spec  conftest.cpp >&5
configure:21871: $? = 0
configure:21873: result: yes
configure:21902: checking whether CXXLD supports -Qunused-arguments linker option
configure:21917: result: no
configure:21923: checking whether LD supports -Wl,-map
configure:21936: gcc -o conftest -g -O2   -Wl,-map,filename.map.txt conftest.c    -lpthread >&5
/usr/bin/ld: unrecognised emulation mode: ap
Supported emulations: elf_x86_64 elf32_x86_64 elf_i386 elf_iamcu i386pep i386pe
collect2: error: ld returned 1 exit status
configure:21936: $? = 1
configure: failed program was:
| /* confdefs.h */
| #define PACKAGE_NAME "CppUTest"
| #define PACKAGE_TARNAME "cpputest"
| #define PACKAGE_VERSION "4.0"
| #define PACKAGE_STRING "CppUTest 4.0"
| #define PACKAGE_BUGREPORT "https://github.com/cpputest/cpputest"
| #define PACKAGE_URL ""
| #define PACKAGE "cpputest"
| #define VERSION "4.0"
| #define HAVE_STDIO_H 1
| #define HAVE_STDLIB_H 1
| #define HAVE_STRING_H 1
| #define HAVE_INTTYPES_H 1
| #define HAVE_STDINT_H 1
| #define HAVE_STRINGS_H 1
| #define HAVE_SYS_STAT_H 1
| #define HAVE_SYS_TYPES_H 1
| #define HAVE_UNISTD_H 1
| #define STDC_HEADERS 1
| #define HAVE_DLFCN_H 1
| #define LT_OBJDIR ".libs/"
| #define HAVE_STDDEF_H 1
| #define HAVE_STDINT_H 1
| #define HAVE_STDLIB_H 1
| #define HAVE_STRING_H 1
| #define HAVE_SYS_TIME_H 1
| #define HAVE_UNISTD_H 1
| #define HAVE_UNSIGNED_LONG_LONG_INT 1
| #define HAVE_LONG_LONG_INT 1
| #define HAVE_FORK 1
| #define HAVE_VFORK 1
| #define HAVE_WORKING_VFORK 1
| #define HAVE_WORKING_FORK 1
| #define HAVE_WAITPID 1
| #define HAVE_GETTIMEOFDAY 1
| #define HAVE_MEMSET 1
| #define HAVE_STRSTR 1
| #define HAVE_STRDUP 1
| #define HAVE_PTHREAD_MUTEX_LOCK 1
| /* end confdefs.h.  */
| 
| int
| main (void)
| {
| 
|   ;
|   return 0;
| }
configure:21941: result: no
configure:22186: checking for the availability of gmock via the GMOCK_HOME variable
configure:22381: checking that generated files are newer than configure
configure:22387: result: done
configure:22430: creating ./config.status

## ---------------------- ##
## Running config.status. ##
## ---------------------- ##

This file was extended by CppUTest config.status 4.0, which was
generated by GNU Autoconf 2.71.  Invocation command line was

  CONFIG_FILES    = 
  CONFIG_HEADERS  = 
  CONFIG_LINKS    = 
  CONFIG_COMMANDS = 
  $ ./config.status 

on APF5N1G1P

config.status:1200: creating cpputest.pc
config.status:1200: creating Makefile
config.status:1200: creating config.h
config.status:1429: executing generated/CppUTestGeneratedConfig.h commands
config.status:1467: creating generated/CppUTestGeneratedConfig.h - prefix CPPUTEST for config.h defines
config.status:1429: executing depfiles commands
config.status:1595: cd .       && sed -e '/# am--include-marker/d' Makefile         | make -f - am--depfiles
config.status:1600: $? = 0
config.status:1429: executing libtool commands

## ---------------- ##
## Cache variables. ##
## ---------------- ##

ac_cv_build=x86_64-pc-linux-gnu
ac_cv_c_compiler_gnu=yes
ac_cv_c_inline=inline
ac_cv_c_int16_t=yes
ac_cv_c_int32_t=yes
ac_cv_c_int64_t=yes
ac_cv_c_int8_t=yes
ac_cv_c_uint16_t=yes
ac_cv_c_uint32_t=yes
ac_cv_c_uint64_t=yes
ac_cv_c_uint8_t=yes
ac_cv_cxx_compiler_gnu=yes
ac_cv_env_CCC_set=
ac_cv_env_CCC_value=
ac_cv_env_CC_set=
ac_cv_env_CC_value=
ac_cv_env_CFLAGS_set=
ac_cv_env_CFLAGS_value=
ac_cv_env_CPPFLAGS_set=
ac_cv_env_CPPFLAGS_value=
ac_cv_env_CPP_set=
ac_cv_env_CPP_value=
ac_cv_env_CXXCPP_set=
ac_cv_env_CXXCPP_value=
ac_cv_env_CXXFLAGS_set=
ac_cv_env_CXXFLAGS_value=
ac_cv_env_CXX_set=
ac_cv_env_CXX_value=
ac_cv_env_GMOCK_HOME_set=
ac_cv_env_GMOCK_HOME_value=
ac_cv_env_LDFLAGS_set=
ac_cv_env_LDFLAGS_value=
ac_cv_env_LIBS_set=
ac_cv_env_LIBS_value=
ac_cv_env_LT_SYS_LIBRARY_PATH_set=
ac_cv_env_LT_SYS_LIBRARY_PATH_value=
ac_cv_env_build_alias_set=
ac_cv_env_build_alias_value=
ac_cv_env_host_alias_set=
ac_cv_env_host_alias_value=
ac_cv_env_target_alias_set=
ac_cv_env_target_alias_value=
ac_cv_func_dlopen=yes
ac_cv_func_fork=yes
ac_cv_func_fork_works=yes
ac_cv_func_gettimeofday=yes
ac_cv_func_memset=yes
ac_cv_func_pthread_mutex_lock=yes
ac_cv_func_shl_load=no
ac_cv_func_strdup=yes
ac_cv_func_strstr=yes
ac_cv_func_vfork=yes
ac_cv_func_vfork_works=yes
ac_cv_func_waitpid=yes
ac_cv_header_dlfcn_h=yes
ac_cv_header_inttypes_h=yes
ac_cv_header_stddef_h=yes
ac_cv_header_stdint_h=yes
ac_cv_header_stdio_h=yes
ac_cv_header_stdlib_h=yes
ac_cv_header_string_h=yes
ac_cv_header_strings_h=yes
ac_cv_header_sys_stat_h=yes
ac_cv_header_sys_time_h=yes
ac_cv_header_sys_types_h=yes
ac_cv_header_unistd_h=yes
ac_cv_header_vfork_h=no
ac_cv_host=x86_64-pc-linux-gnu
ac_cv_lib_dld_shl_load=no
ac_cv_objext=o
ac_cv_path_EGREP='/usr/bin/grep -E'
ac_cv_path_FGREP='/usr/bin/grep -F'
ac_cv_path_GREP=/usr/bin/grep
ac_cv_path_SED=/usr/bin/sed
ac_cv_path_install='/usr/bin/install -c'
ac_cv_path_lt_DD=/usr/bin/dd
ac_cv_path_mkdir=/usr/bin/mkdir
ac_cv_prog_AWK=gawk
ac_cv_prog_CPP='gcc -E'
ac_cv_prog_CPPUTEST_HAS_CLANG=no
ac_cv_prog_CPPUTEST_HAS_DASH=yes
ac_cv_prog_CPPUTEST_HAS_GCC=yes
ac_cv_prog_CPPUTEST_HAS_LCOV=no
ac_cv_prog_CPPUTEST_HAS_VALGRIND=no
ac_cv_prog_CXXCPP='g++ -E'
ac_cv_prog_ac_ct_AR=ar
ac_cv_prog_ac_ct_CC=gcc
ac_cv_prog_ac_ct_CXX=g++
ac_cv_prog_ac_ct_FILECMD=file
ac_cv_prog_ac_ct_OBJDUMP=objdump
ac_cv_prog_ac_ct_RANLIB=ranlib
ac_cv_prog_ac_ct_STRIP=strip
ac_cv_prog_cc_c11=
ac_cv_prog_cc_g=yes
ac_cv_prog_cc_stdc=
ac_cv_prog_cxx_cxx11=
ac_cv_prog_cxx_g=yes
ac_cv_prog_cxx_stdcxx=
ac_cv_prog_make_make_set=yes
ac_cv_type_long_long_int=yes
ac_cv_type_pid_t=yes
ac_cv_type_size_t=yes
ac_cv_type_unsigned_long_long_int=yes
am_cv_CC_dependencies_compiler_type=gcc3
am_cv_CXX_dependencies_compiler_type=gcc3
am_cv_make_support_nested_variables=yes
am_cv_prog_cc_c_o=yes
ax_cv_c_compiler_vendor=gnu
ax_cv_c_compiler_version=13.3.0
lt_cv_ar_at_file=@
lt_cv_archive_cmds_need_lc=no
lt_cv_deplibs_check_method=pass_all
lt_cv_dlopen=dlopen
lt_cv_dlopen_libs=
lt_cv_dlopen_self=yes
lt_cv_dlopen_self_static=no
lt_cv_file_magic_cmd='$MAGIC_CMD'
lt_cv_file_magic_test_file=
lt_cv_ld_reload_flag=-r
lt_cv_nm_interface='BSD nm'
lt_cv_objdir=.libs
lt_cv_path_LD=/usr/bin/ld
lt_cv_path_LDCXX='/usr/bin/ld -m elf_x86_64'
lt_cv_path_NM='/usr/bin/nm -B'
lt_cv_path_mainfest_tool=no
lt_cv_prog_compiler_c_o=yes
lt_cv_prog_compiler_c_o_CXX=yes
lt_cv_prog_compiler_pic='-fPIC -DPIC'
lt_cv_prog_compiler_pic_CXX='-fPIC -DPIC'
lt_cv_prog_compiler_pic_works=yes
lt_cv_prog_compiler_pic_works_CXX=yes
lt_cv_prog_compiler_rtti_exceptions=no
lt_cv_prog_compiler_static_works=yes
lt_cv_prog_compiler_static_works_CXX=yes
lt_cv_prog_gnu_ld=yes
lt_cv_prog_gnu_ldcxx=yes
lt_cv_sharedlib_from_linklib_cmd='printf %s\n'
lt_cv_shlibpath_overrides_runpath=yes
lt_cv_sys_global_symbol_pipe='/usr/bin/sed -n -e '\''s/^.*[	 ]\([ABCDGIRSTW][ABCDGIRSTW]*\)[	 ][	 ]*\([_A-Za-z][_A-Za-z0-9]*\)$/\1 \2 \2/p'\'' | /usr/bin/sed '\''/ __gnu_lto/d'\'''
lt_cv_sys_global_symbol_to_c_name_address='/usr/bin/sed -n -e '\''s/^: \(.*\) .*$/  {"\1", (void *) 0},/p'\'' -e '\''s/^[ABCDGIRSTW][ABCDGIRSTW]* .* \(.*\)$/  {"\1", (void *) \&\1},/p'\'''
lt_cv_sys_global_symbol_to_c_name_address_lib_prefix='/usr/bin/sed -n -e '\''s/^: \(.*\) .*$/  {"\1", (void *) 0},/p'\'' -e '\''s/^[ABCDGIRSTW][ABCDGIRSTW]* .* \(lib.*\)$/  {"\1", (void *) \&\1},/p'\'' -e '\''s/^[ABCDGIRSTW][ABCDGIRSTW]* .* \(.*\)$/  {"lib\1", (void *) \&\1},/p'\'''
lt_cv_sys_global_symbol_to_cdecl='/usr/bin/sed -n -e '\''s/^T .* \(.*\)$/extern int \1();/p'\'' -e '\''s/^[ABCDGIRSTW][ABCDGIRSTW]* .* \(.*\)$/extern char \1;/p'\'''
lt_cv_sys_global_symbol_to_import=
lt_cv_sys_max_cmd_len=1572864
lt_cv_to_host_file_cmd=func_convert_file_noop
lt_cv_to_tool_file_cmd=func_convert_file_noop
lt_cv_truncate_bin='/usr/bin/dd bs=4096 count=1'

## ----------------- ##
## Output variables. ##
## ----------------- ##

ACLOCAL='${SHELL} '\''/mnt/c/Projects/teamb-platform-control-board/tools/cpputest/missing'\'' aclocal-1.16'
ALL_FILES_IN_GIT=''
AMDEPBACKSLASH='\'
AMDEP_FALSE='#'
AMDEP_TRUE=''
AMTAR='$${TAR-tar}'
AM_BACKSLASH='\'
AM_DEFAULT_V='$(AM_DEFAULT_VERBOSITY)'
AM_DEFAULT_VERBOSITY='1'
AM_V='$(V)'
AR='ar'
AUTOCONF='${SHELL} '\''/mnt/c/Projects/teamb-platform-control-board/tools/cpputest/missing'\'' autoconf'
AUTOHEADER='${SHELL} '\''/mnt/c/Projects/teamb-platform-control-board/tools/cpputest/missing'\'' autoheader'
AUTOMAKE='${SHELL} '\''/mnt/c/Projects/teamb-platform-control-board/tools/cpputest/missing'\'' automake-1.16'
AWK='gawk'
CC='gcc'
CCDEPMODE='depmode=gcc3'
CFLAGS='-g -O2'
CPP='gcc -E'
CPPFLAGS=''
CPPUTEST_ADDITIONAL_CFLAGS=''
CPPUTEST_ADDITIONAL_CPPFLAGS=''
CPPUTEST_ADDITIONAL_CXXFLAGS=''
CPPUTEST_CFLAGS='  -Wno-c++11-long-long -Wno-long-long -Wall -Wextra -Wshadow -Wswitch-default -Wswitch-enum -Wconversion -pedantic -Wsign-conversion -Wstrict-prototypes -Wno-disabled-macro-expansion -Wno-padded -Wno-reserved-id-macro -Wno-keyword-macro '
CPPUTEST_CPPFLAGS=' -include ./include/CppUTest/MemoryLeakDetectorMallocMacros.h -I ./include '
CPPUTEST_CXXFLAGS=' -include ./include/CppUTest/MemoryLeakDetectorNewMacros.h  -Wno-c++98-compat -Wno-c++98-compat-pedantic -Wno-c++14-compat -Wno-c++11-long-long -Wno-long-long -Wall -Wextra -Wshadow -Wswitch-default -Wswitch-enum -Wconversion -pedantic -Wsign-conversion -Woverloaded-virtual -Wno-disabled-macro-expansion -Wno-padded -Wno-reserved-id-macro -Wno-keyword-macro -Wno-global-constructors -Wno-exit-time-destructors -Wno-weak-vtables -Wno-old-style-cast '
CPPUTEST_HAS_CLANG='no'
CPPUTEST_HAS_DASH='yes'
CPPUTEST_HAS_GCC='yes'
CPPUTEST_HAS_LCOV='no'
CPPUTEST_HAS_VALGRIND='no'
CPPUTEST_LDADD=''
CPPUTEST_LDFLAGS=''
CPPUTEST_ON_MACOSX=''
CPP_PLATFORM='Gcc'
CSCOPE='cscope'
CTAGS='ctags'
CXX='g++'
CXXCPP='g++ -E'
CXXDEPMODE='depmode=gcc3'
CXXFLAGS='-g -O2'
CYGPATH_W='echo'
DEFS='-DHAVE_CONFIG_H'
DEPDIR='.deps'
DLLTOOL='false'
DSYMUTIL=''
DUMPBIN=''
ECHO_C=''
ECHO_N='-n'
ECHO_T=''
EGREP='/usr/bin/grep -E'
ETAGS='etags'
EXEEXT=''
FGREP='/usr/bin/grep -F'
FILECMD='file'
GMOCK_HOME=''
GREP='/usr/bin/grep'
INCLUDE_CPPUTEST_EXT=''
INCLUDE_CPPUTEST_EXT_FALSE='#'
INCLUDE_CPPUTEST_EXT_TRUE=''
INCLUDE_GMOCKTESTS_FALSE=''
INCLUDE_GMOCKTESTS_TRUE='#'
INSTALL_DATA='${INSTALL} -m 644'
INSTALL_PROGRAM='${INSTALL}'
INSTALL_SCRIPT='${INSTALL}'
INSTALL_STRIP_PROGRAM='$(install_sh) -c -s'
LD='/usr/bin/ld -m elf_x86_64'
LDFLAGS=''
LIBOBJS=''
LIBS='   -lpthread'
LIBTOOL='$(SHELL) $(top_builddir)/libtool'
LIPO=''
LN_S='ln -s'
LTLIBOBJS=''
LT_SYS_LIBRARY_PATH=''
MAKEINFO='${SHELL} '\''/mnt/c/Projects/teamb-platform-control-board/tools/cpputest/missing'\'' makeinfo'
MANIFEST_TOOL=':'
MKDIR_P='/usr/bin/mkdir -p'
MOSTLYCLEANFILES=''
NM='/usr/bin/nm -B'
NMEDIT=''
OBJDUMP='objdump'
OBJEXT='o'
OTOOL64=''
OTOOL=''
PACKAGE='cpputest'
PACKAGE_BUGREPORT='https://github.com/cpputest/cpputest'
PACKAGE_NAME='CppUTest'
PACKAGE_STRING='CppUTest 4.0'
PACKAGE_TARNAME='cpputest'
PACKAGE_URL=''
PACKAGE_VERSION='4.0'
PATH_SEPARATOR=':'
PTHREAD_CC='gcc'
PTHREAD_CFLAGS=''
PTHREAD_LIBS=''
RANLIB='ranlib'
SED='/usr/bin/sed'
SET_MAKE=''
SHELL='/bin/bash'
STRIP='strip'
TEST_COMPILER_IS_CLANG_FALSE=''
TEST_COMPILER_IS_CLANG_TRUE='#'
VERSION='4.0'
ac_ct_AR='ar'
ac_ct_CC='gcc'
ac_ct_CXX='g++'
ac_ct_DUMPBIN=''
acx_pthread_config=''
am__EXEEXT_FALSE=''
am__EXEEXT_TRUE='#'
am__fastdepCC_FALSE='#'
am__fastdepCC_TRUE=''
am__fastdepCXX_FALSE='#'
am__fastdepCXX_TRUE=''
am__include='include'
am__isrc=''
am__leading_dot='.'
am__nodep='_no'
am__quote=''
am__tar='$${TAR-tar} chof - "$$tardir"'
am__untar='$${TAR-tar} xf -'
bindir='${exec_prefix}/bin'
build='x86_64-pc-linux-gnu'
build_alias=''
build_cpu='x86_64'
build_os='linux-gnu'
build_vendor='pc'
datadir='${datarootdir}'
datarootdir='${prefix}/share'
docdir='${datarootdir}/doc/${PACKAGE_TARNAME}'
dvidir='${docdir}'
exec_prefix='${prefix}'
host='x86_64-pc-linux-gnu'
host_alias=''
host_cpu='x86_64'
host_os='linux-gnu'
host_vendor='pc'
htmldir='${docdir}'
includedir='${prefix}/include'
infodir='${datarootdir}/info'
install_sh='${SHELL} /mnt/c/Projects/teamb-platform-control-board/tools/cpputest/install-sh'
libdir='${exec_prefix}/lib'
libexecdir='${exec_prefix}/libexec'
localedir='${datarootdir}/locale'
localstatedir='${prefix}/var'
mandir='${datarootdir}/man'
mkdir_p='$(MKDIR_P)'
oldincludedir='/usr/include'
pdfdir='${docdir}'
prefix='/usr/local'
program_transform_name='s,x,x,'
psdir='${docdir}'
runstatedir='${localstatedir}/run'
sbindir='${exec_prefix}/sbin'
sharedstatedir='${prefix}/com'
sysconfdir='${prefix}/etc'
target_alias=''

## ----------- ##
## confdefs.h. ##
## ----------- ##

/* confdefs.h */
#define PACKAGE_NAME "CppUTest"
#define PACKAGE_TARNAME "cpputest"
#define PACKAGE_VERSION "4.0"
#define PACKAGE_STRING "CppUTest 4.0"
#define PACKAGE_BUGREPORT "https://github.com/cpputest/cpputest"
#define PACKAGE_URL ""
#define PACKAGE "cpputest"
#define VERSION "4.0"
#define HAVE_STDIO_H 1
#define HAVE_STDLIB_H 1
#define HAVE_STRING_H 1
#define HAVE_INTTYPES_H 1
#define HAVE_STDINT_H 1
#define HAVE_STRINGS_H 1
#define HAVE_SYS_STAT_H 1
#define HAVE_SYS_TYPES_H 1
#define HAVE_UNISTD_H 1
#define STDC_HEADERS 1
#define HAVE_DLFCN_H 1
#define LT_OBJDIR ".libs/"
#define HAVE_STDDEF_H 1
#define HAVE_STDINT_H 1
#define HAVE_STDLIB_H 1
#define HAVE_STRING_H 1
#define HAVE_SYS_TIME_H 1
#define HAVE_UNISTD_H 1
#define HAVE_UNSIGNED_LONG_LONG_INT 1
#define HAVE_LONG_LONG_INT 1
#define HAVE_FORK 1
#define HAVE_VFORK 1
#define HAVE_WORKING_VFORK 1
#define HAVE_WORKING_FORK 1
#define HAVE_WAITPID 1
#define HAVE_GETTIMEOFDAY 1
#define HAVE_MEMSET 1
#define HAVE_STRSTR 1
#define HAVE_STRDUP 1
#define HAVE_PTHREAD_MUTEX_LOCK 1

configure: exit 0
